2020-06-12 12:57:36.213 +05:30 [Information] EmployeeController --> AllEmployeeDetails--> Method Start
2020-06-12 12:57:36.825 +05:30 [Information] DelegateRequest(EmployeeRequest) --> Start with Web.API.Core.RequestResponse.Request.EmployeeRequest
2020-06-12 12:57:37.081 +05:30 [Information] DelegateRequest(EmployeeRequest)-->GetEmployeeDetails--> Method Start
2020-06-12 12:57:51.135 +05:30 [Information] DelegateRequest(EmployeeRequest)-->GetEmployeeDetails--> Method End
2020-06-12 12:57:51.146 +05:30 [Information] DelegateRequest(EmployeeRequest) --> End with Web.API.Core.RequestResponse.Response.EmployeeResponse
2020-06-12 12:57:56.160 +05:30 [Information] EmployeeController --> AllEmployeeDetails--> Method End
2020-06-12 12:57:59.353 +05:30 [Error] Connection id ""0HM0EK412KT1V"", Request id ""0HM0EK412KT1V:00000001"": An unhandled exception was thrown by the application.
System.NotImplementedException: The method or operation is not implemented.
   at Web.API.Infrastructure.Repository.GenericRepository`1.Dispose() in F:\MVC\CleanArchitectureAPI\CleanArchitectureAPI\Web.API.Infrastructure\Repository\GenericRepository.cs:line 43
   at Autofac.Core.Disposer.Dispose(Boolean disposing) in C:\projects\autofac\src\Autofac\Core\Disposer.cs:line 55
   at Autofac.Util.Disposable.Dispose() in C:\projects\autofac\src\Autofac\Util\Disposable.cs:line 51
   at Autofac.Core.Lifetime.LifetimeScope.Dispose(Boolean disposing) in C:\projects\autofac\src\Autofac\Core\Lifetime\LifetimeScope.cs:line 360
   at Autofac.Util.Disposable.Dispose() in C:\projects\autofac\src\Autofac\Util\Disposable.cs:line 51
   at Microsoft.AspNetCore.Hosting.Internal.RequestServicesFeature.Dispose()
   at Microsoft.AspNetCore.Http.HttpResponse.<>c.<.cctor>b__30_1(Object disposable)
   at Microsoft.AspNetCore.Server.Kestrel.Core.Internal.Http.HttpProtocol.FireOnCompletedAwaited(Stack`1 onCompleted)
2020-06-12 12:58:06.453 +05:30 [Information] EmployeeController --> GetEmployeeDetailsById--> Method Start
2020-06-12 12:58:06.458 +05:30 [Information] DelegateRequest(EmployeeRequest) --> Start with Web.API.Core.RequestResponse.Request.EmployeeRequest
2020-06-12 12:58:06.465 +05:30 [Information] DelegateRequest(EmployeeRequest)--> SelectById
2020-06-12 12:58:06.722 +05:30 [Information] DelegateRequest(EmployeeRequest) --> End with Web.API.Core.RequestResponse.Response.EmployeeResponse
2020-06-12 12:58:06.730 +05:30 [Information] EmployeeController --> GetEmployeeDetailsById--> Method End
2020-06-12 12:58:06.845 +05:30 [Error] Connection id ""0HM0EK412KT1V"", Request id ""0HM0EK412KT1V:00000002"": An unhandled exception was thrown by the application.
System.NotImplementedException: The method or operation is not implemented.
   at Web.API.Infrastructure.Repository.GenericRepository`1.Dispose() in F:\MVC\CleanArchitectureAPI\CleanArchitectureAPI\Web.API.Infrastructure\Repository\GenericRepository.cs:line 43
   at Autofac.Core.Disposer.Dispose(Boolean disposing) in C:\projects\autofac\src\Autofac\Core\Disposer.cs:line 55
   at Autofac.Util.Disposable.Dispose() in C:\projects\autofac\src\Autofac\Util\Disposable.cs:line 51
   at Autofac.Core.Lifetime.LifetimeScope.Dispose(Boolean disposing) in C:\projects\autofac\src\Autofac\Core\Lifetime\LifetimeScope.cs:line 360
   at Autofac.Util.Disposable.Dispose() in C:\projects\autofac\src\Autofac\Util\Disposable.cs:line 51
   at Microsoft.AspNetCore.Hosting.Internal.RequestServicesFeature.Dispose()
   at Microsoft.AspNetCore.Http.HttpResponse.<>c.<.cctor>b__30_1(Object disposable)
   at Microsoft.AspNetCore.Server.Kestrel.Core.Internal.Http.HttpProtocol.FireOnCompletedAwaited(Stack`1 onCompleted)
2020-06-12 12:58:10.335 +05:30 [Information] EmployeeController --> GetEmployeeDetailsById--> Method Start
2020-06-12 12:58:10.340 +05:30 [Information] DelegateRequest(EmployeeRequest) --> Start with Web.API.Core.RequestResponse.Request.EmployeeRequest
2020-06-12 12:58:10.347 +05:30 [Information] DelegateRequest(EmployeeRequest)--> SelectById
2020-06-12 12:58:10.413 +05:30 [Information] DelegateRequest(EmployeeRequest) --> End with Web.API.Core.RequestResponse.Response.EmployeeResponse
2020-06-12 12:58:10.436 +05:30 [Information] EmployeeController --> GetEmployeeDetailsById--> Method End
2020-06-12 12:58:10.503 +05:30 [Error] Connection id ""0HM0EK412KT1V"", Request id ""0HM0EK412KT1V:00000003"": An unhandled exception was thrown by the application.
System.NotImplementedException: The method or operation is not implemented.
   at Web.API.Infrastructure.Repository.GenericRepository`1.Dispose() in F:\MVC\CleanArchitectureAPI\CleanArchitectureAPI\Web.API.Infrastructure\Repository\GenericRepository.cs:line 43
   at Autofac.Core.Disposer.Dispose(Boolean disposing) in C:\projects\autofac\src\Autofac\Core\Disposer.cs:line 55
   at Autofac.Util.Disposable.Dispose() in C:\projects\autofac\src\Autofac\Util\Disposable.cs:line 51
   at Autofac.Core.Lifetime.LifetimeScope.Dispose(Boolean disposing) in C:\projects\autofac\src\Autofac\Core\Lifetime\LifetimeScope.cs:line 360
   at Autofac.Util.Disposable.Dispose() in C:\projects\autofac\src\Autofac\Util\Disposable.cs:line 51
   at Microsoft.AspNetCore.Hosting.Internal.RequestServicesFeature.Dispose()
   at Microsoft.AspNetCore.Http.HttpResponse.<>c.<.cctor>b__30_1(Object disposable)
   at Microsoft.AspNetCore.Server.Kestrel.Core.Internal.Http.HttpProtocol.FireOnCompletedAwaited(Stack`1 onCompleted)
2020-06-12 12:58:11.762 +05:30 [Information] EmployeeController --> GetEmployeeDetailsById--> Method Start
2020-06-12 12:58:11.771 +05:30 [Information] DelegateRequest(EmployeeRequest) --> Start with Web.API.Core.RequestResponse.Request.EmployeeRequest
2020-06-12 12:58:11.777 +05:30 [Information] DelegateRequest(EmployeeRequest)--> SelectById
2020-06-12 12:58:11.836 +05:30 [Information] DelegateRequest(EmployeeRequest) --> End with Web.API.Core.RequestResponse.Response.EmployeeResponse
2020-06-12 12:58:11.839 +05:30 [Information] EmployeeController --> GetEmployeeDetailsById--> Method End
2020-06-12 12:58:11.901 +05:30 [Error] Connection id ""0HM0EK412KT1V"", Request id ""0HM0EK412KT1V:00000004"": An unhandled exception was thrown by the application.
System.NotImplementedException: The method or operation is not implemented.
   at Web.API.Infrastructure.Repository.GenericRepository`1.Dispose() in F:\MVC\CleanArchitectureAPI\CleanArchitectureAPI\Web.API.Infrastructure\Repository\GenericRepository.cs:line 43
   at Autofac.Core.Disposer.Dispose(Boolean disposing) in C:\projects\autofac\src\Autofac\Core\Disposer.cs:line 55
   at Autofac.Util.Disposable.Dispose() in C:\projects\autofac\src\Autofac\Util\Disposable.cs:line 51
   at Autofac.Core.Lifetime.LifetimeScope.Dispose(Boolean disposing) in C:\projects\autofac\src\Autofac\Core\Lifetime\LifetimeScope.cs:line 360
   at Autofac.Util.Disposable.Dispose() in C:\projects\autofac\src\Autofac\Util\Disposable.cs:line 51
   at Microsoft.AspNetCore.Hosting.Internal.RequestServicesFeature.Dispose()
   at Microsoft.AspNetCore.Http.HttpResponse.<>c.<.cctor>b__30_1(Object disposable)
   at Microsoft.AspNetCore.Server.Kestrel.Core.Internal.Http.HttpProtocol.FireOnCompletedAwaited(Stack`1 onCompleted)
2020-06-12 12:58:12.538 +05:30 [Information] EmployeeController --> GetEmployeeDetailsById--> Method Start
2020-06-12 12:58:12.544 +05:30 [Information] DelegateRequest(EmployeeRequest) --> Start with Web.API.Core.RequestResponse.Request.EmployeeRequest
2020-06-12 12:58:12.550 +05:30 [Information] DelegateRequest(EmployeeRequest)--> SelectById
2020-06-12 12:58:12.565 +05:30 [Information] DelegateRequest(EmployeeRequest) --> End with Web.API.Core.RequestResponse.Response.EmployeeResponse
2020-06-12 12:58:12.569 +05:30 [Information] EmployeeController --> GetEmployeeDetailsById--> Method End
2020-06-12 12:58:12.632 +05:30 [Error] Connection id ""0HM0EK412KT1V"", Request id ""0HM0EK412KT1V:00000005"": An unhandled exception was thrown by the application.
System.NotImplementedException: The method or operation is not implemented.
   at Web.API.Infrastructure.Repository.GenericRepository`1.Dispose() in F:\MVC\CleanArchitectureAPI\CleanArchitectureAPI\Web.API.Infrastructure\Repository\GenericRepository.cs:line 43
   at Autofac.Core.Disposer.Dispose(Boolean disposing) in C:\projects\autofac\src\Autofac\Core\Disposer.cs:line 55
   at Autofac.Util.Disposable.Dispose() in C:\projects\autofac\src\Autofac\Util\Disposable.cs:line 51
   at Autofac.Core.Lifetime.LifetimeScope.Dispose(Boolean disposing) in C:\projects\autofac\src\Autofac\Core\Lifetime\LifetimeScope.cs:line 360
   at Autofac.Util.Disposable.Dispose() in C:\projects\autofac\src\Autofac\Util\Disposable.cs:line 51
   at Microsoft.AspNetCore.Hosting.Internal.RequestServicesFeature.Dispose()
   at Microsoft.AspNetCore.Http.HttpResponse.<>c.<.cctor>b__30_1(Object disposable)
   at Microsoft.AspNetCore.Server.Kestrel.Core.Internal.Http.HttpProtocol.FireOnCompletedAwaited(Stack`1 onCompleted)
2020-06-12 12:58:15.658 +05:30 [Information] EmployeeController --> GetEmployeeDetailsById--> Method Start
2020-06-12 12:58:15.664 +05:30 [Information] DelegateRequest(EmployeeRequest) --> Start with Web.API.Core.RequestResponse.Request.EmployeeRequest
2020-06-12 12:58:15.671 +05:30 [Information] DelegateRequest(EmployeeRequest)--> SelectById
2020-06-12 12:58:15.691 +05:30 [Information] DelegateRequest(EmployeeRequest) --> End with Web.API.Core.RequestResponse.Response.EmployeeResponse
2020-06-12 12:58:15.695 +05:30 [Information] EmployeeController --> GetEmployeeDetailsById--> Method End
2020-06-12 12:58:15.791 +05:30 [Error] Connection id ""0HM0EK412KT1V"", Request id ""0HM0EK412KT1V:00000006"": An unhandled exception was thrown by the application.
System.NotImplementedException: The method or operation is not implemented.
   at Web.API.Infrastructure.Repository.GenericRepository`1.Dispose() in F:\MVC\CleanArchitectureAPI\CleanArchitectureAPI\Web.API.Infrastructure\Repository\GenericRepository.cs:line 43
   at Autofac.Core.Disposer.Dispose(Boolean disposing) in C:\projects\autofac\src\Autofac\Core\Disposer.cs:line 55
   at Autofac.Util.Disposable.Dispose() in C:\projects\autofac\src\Autofac\Util\Disposable.cs:line 51
   at Autofac.Core.Lifetime.LifetimeScope.Dispose(Boolean disposing) in C:\projects\autofac\src\Autofac\Core\Lifetime\LifetimeScope.cs:line 360
   at Autofac.Util.Disposable.Dispose() in C:\projects\autofac\src\Autofac\Util\Disposable.cs:line 51
   at Microsoft.AspNetCore.Hosting.Internal.RequestServicesFeature.Dispose()
   at Microsoft.AspNetCore.Http.HttpResponse.<>c.<.cctor>b__30_1(Object disposable)
   at Microsoft.AspNetCore.Server.Kestrel.Core.Internal.Http.HttpProtocol.FireOnCompletedAwaited(Stack`1 onCompleted)
2020-06-12 12:58:16.233 +05:30 [Information] EmployeeController --> GetEmployeeDetailsById--> Method Start
2020-06-12 12:58:16.240 +05:30 [Information] DelegateRequest(EmployeeRequest) --> Start with Web.API.Core.RequestResponse.Request.EmployeeRequest
2020-06-12 12:58:16.245 +05:30 [Information] DelegateRequest(EmployeeRequest)--> SelectById
2020-06-12 12:58:16.266 +05:30 [Information] DelegateRequest(EmployeeRequest) --> End with Web.API.Core.RequestResponse.Response.EmployeeResponse
2020-06-12 12:58:16.271 +05:30 [Information] EmployeeController --> GetEmployeeDetailsById--> Method End
2020-06-12 12:58:16.362 +05:30 [Error] Connection id ""0HM0EK412KT1V"", Request id ""0HM0EK412KT1V:00000007"": An unhandled exception was thrown by the application.
System.NotImplementedException: The method or operation is not implemented.
   at Web.API.Infrastructure.Repository.GenericRepository`1.Dispose() in F:\MVC\CleanArchitectureAPI\CleanArchitectureAPI\Web.API.Infrastructure\Repository\GenericRepository.cs:line 43
   at Autofac.Core.Disposer.Dispose(Boolean disposing) in C:\projects\autofac\src\Autofac\Core\Disposer.cs:line 55
   at Autofac.Util.Disposable.Dispose() in C:\projects\autofac\src\Autofac\Util\Disposable.cs:line 51
   at Autofac.Core.Lifetime.LifetimeScope.Dispose(Boolean disposing) in C:\projects\autofac\src\Autofac\Core\Lifetime\LifetimeScope.cs:line 360
   at Autofac.Util.Disposable.Dispose() in C:\projects\autofac\src\Autofac\Util\Disposable.cs:line 51
   at Microsoft.AspNetCore.Hosting.Internal.RequestServicesFeature.Dispose()
   at Microsoft.AspNetCore.Http.HttpResponse.<>c.<.cctor>b__30_1(Object disposable)
   at Microsoft.AspNetCore.Server.Kestrel.Core.Internal.Http.HttpProtocol.FireOnCompletedAwaited(Stack`1 onCompleted)
2020-06-12 12:58:16.922 +05:30 [Information] EmployeeController --> GetEmployeeDetailsById--> Method Start
2020-06-12 12:58:16.926 +05:30 [Information] DelegateRequest(EmployeeRequest) --> Start with Web.API.Core.RequestResponse.Request.EmployeeRequest
2020-06-12 12:58:16.929 +05:30 [Information] DelegateRequest(EmployeeRequest)--> SelectById
2020-06-12 12:58:16.948 +05:30 [Information] DelegateRequest(EmployeeRequest) --> End with Web.API.Core.RequestResponse.Response.EmployeeResponse
2020-06-12 12:58:16.952 +05:30 [Information] EmployeeController --> GetEmployeeDetailsById--> Method End
2020-06-12 12:58:17.020 +05:30 [Error] Connection id ""0HM0EK412KT1V"", Request id ""0HM0EK412KT1V:00000008"": An unhandled exception was thrown by the application.
System.NotImplementedException: The method or operation is not implemented.
   at Web.API.Infrastructure.Repository.GenericRepository`1.Dispose() in F:\MVC\CleanArchitectureAPI\CleanArchitectureAPI\Web.API.Infrastructure\Repository\GenericRepository.cs:line 43
   at Autofac.Core.Disposer.Dispose(Boolean disposing) in C:\projects\autofac\src\Autofac\Core\Disposer.cs:line 55
   at Autofac.Util.Disposable.Dispose() in C:\projects\autofac\src\Autofac\Util\Disposable.cs:line 51
   at Autofac.Core.Lifetime.LifetimeScope.Dispose(Boolean disposing) in C:\projects\autofac\src\Autofac\Core\Lifetime\LifetimeScope.cs:line 360
   at Autofac.Util.Disposable.Dispose() in C:\projects\autofac\src\Autofac\Util\Disposable.cs:line 51
   at Microsoft.AspNetCore.Hosting.Internal.RequestServicesFeature.Dispose()
   at Microsoft.AspNetCore.Http.HttpResponse.<>c.<.cctor>b__30_1(Object disposable)
   at Microsoft.AspNetCore.Server.Kestrel.Core.Internal.Http.HttpProtocol.FireOnCompletedAwaited(Stack`1 onCompleted)
2020-06-12 13:08:43.629 +05:30 [Information] EmployeeController --> AllEmployeeDetails--> Method Start
2020-06-12 13:08:43.637 +05:30 [Information] DelegateRequest(EmployeeRequest) --> Start with Web.API.Core.RequestResponse.Request.EmployeeRequest
2020-06-12 13:08:43.641 +05:30 [Information] DelegateRequest(EmployeeRequest)-->GetEmployeeDetails--> Method Start
2020-06-12 13:08:43.775 +05:30 [Information] DelegateRequest(EmployeeRequest)-->GetEmployeeDetails--> Method End
2020-06-12 13:08:43.781 +05:30 [Information] DelegateRequest(EmployeeRequest) --> End with Web.API.Core.RequestResponse.Response.EmployeeResponse
2020-06-12 13:08:48.794 +05:30 [Information] EmployeeController --> AllEmployeeDetails--> Method End
2020-06-12 13:08:48.944 +05:30 [Error] Connection id ""0HM0EK412KT20"", Request id ""0HM0EK412KT20:00000001"": An unhandled exception was thrown by the application.
System.NotImplementedException: The method or operation is not implemented.
   at Web.API.Infrastructure.Repository.GenericRepository`1.Dispose() in F:\MVC\CleanArchitectureAPI\CleanArchitectureAPI\Web.API.Infrastructure\Repository\GenericRepository.cs:line 43
   at Autofac.Core.Disposer.Dispose(Boolean disposing) in C:\projects\autofac\src\Autofac\Core\Disposer.cs:line 55
   at Autofac.Util.Disposable.Dispose() in C:\projects\autofac\src\Autofac\Util\Disposable.cs:line 51
   at Autofac.Core.Lifetime.LifetimeScope.Dispose(Boolean disposing) in C:\projects\autofac\src\Autofac\Core\Lifetime\LifetimeScope.cs:line 360
   at Autofac.Util.Disposable.Dispose() in C:\projects\autofac\src\Autofac\Util\Disposable.cs:line 51
   at Microsoft.AspNetCore.Hosting.Internal.RequestServicesFeature.Dispose()
   at Microsoft.AspNetCore.Http.HttpResponse.<>c.<.cctor>b__30_1(Object disposable)
   at Microsoft.AspNetCore.Server.Kestrel.Core.Internal.Http.HttpProtocol.FireOnCompletedAwaited(Stack`1 onCompleted)
2020-06-12 13:08:54.987 +05:30 [Information] EmployeeController --> AllEmployeeDetails--> Method Start
2020-06-12 13:08:54.997 +05:30 [Information] DelegateRequest(EmployeeRequest) --> Start with Web.API.Core.RequestResponse.Request.EmployeeRequest
2020-06-12 13:08:55.008 +05:30 [Information] DelegateRequest(EmployeeRequest)-->GetEmployeeDetails--> Method Start
2020-06-12 13:08:55.154 +05:30 [Information] DelegateRequest(EmployeeRequest)-->GetEmployeeDetails--> Method End
2020-06-12 13:08:55.163 +05:30 [Information] DelegateRequest(EmployeeRequest) --> End with Web.API.Core.RequestResponse.Response.EmployeeResponse
2020-06-12 13:09:00.176 +05:30 [Information] EmployeeController --> AllEmployeeDetails--> Method End
2020-06-12 13:09:00.267 +05:30 [Error] Connection id ""0HM0EK412KT20"", Request id ""0HM0EK412KT20:00000002"": An unhandled exception was thrown by the application.
System.NotImplementedException: The method or operation is not implemented.
   at Web.API.Infrastructure.Repository.GenericRepository`1.Dispose() in F:\MVC\CleanArchitectureAPI\CleanArchitectureAPI\Web.API.Infrastructure\Repository\GenericRepository.cs:line 43
   at Autofac.Core.Disposer.Dispose(Boolean disposing) in C:\projects\autofac\src\Autofac\Core\Disposer.cs:line 55
   at Autofac.Util.Disposable.Dispose() in C:\projects\autofac\src\Autofac\Util\Disposable.cs:line 51
   at Autofac.Core.Lifetime.LifetimeScope.Dispose(Boolean disposing) in C:\projects\autofac\src\Autofac\Core\Lifetime\LifetimeScope.cs:line 360
   at Autofac.Util.Disposable.Dispose() in C:\projects\autofac\src\Autofac\Util\Disposable.cs:line 51
   at Microsoft.AspNetCore.Hosting.Internal.RequestServicesFeature.Dispose()
   at Microsoft.AspNetCore.Http.HttpResponse.<>c.<.cctor>b__30_1(Object disposable)
   at Microsoft.AspNetCore.Server.Kestrel.Core.Internal.Http.HttpProtocol.FireOnCompletedAwaited(Stack`1 onCompleted)
2020-06-12 13:15:58.463 +05:30 [Information] EmployeeController --> AllEmployeeDetails--> Method Start
2020-06-12 13:15:58.467 +05:30 [Information] DelegateRequest(EmployeeRequest) --> Start with Web.API.Core.RequestResponse.Request.EmployeeRequest
2020-06-12 13:15:58.470 +05:30 [Information] DelegateRequest(EmployeeRequest)-->GetEmployeeDetails--> Method Start
2020-06-12 13:15:58.519 +05:30 [Information] DelegateRequest(EmployeeRequest)-->GetEmployeeDetails--> Method End
2020-06-12 13:15:58.521 +05:30 [Information] DelegateRequest(EmployeeRequest) --> End with Web.API.Core.RequestResponse.Response.EmployeeResponse
2020-06-12 13:16:03.528 +05:30 [Information] EmployeeController --> AllEmployeeDetails--> Method End
2020-06-12 13:16:03.713 +05:30 [Error] Connection id ""0HM0EK412KT21"", Request id ""0HM0EK412KT21:00000001"": An unhandled exception was thrown by the application.
System.NotImplementedException: The method or operation is not implemented.
   at Web.API.Infrastructure.Repository.GenericRepository`1.Dispose() in F:\MVC\CleanArchitectureAPI\CleanArchitectureAPI\Web.API.Infrastructure\Repository\GenericRepository.cs:line 43
   at Autofac.Core.Disposer.Dispose(Boolean disposing) in C:\projects\autofac\src\Autofac\Core\Disposer.cs:line 55
   at Autofac.Util.Disposable.Dispose() in C:\projects\autofac\src\Autofac\Util\Disposable.cs:line 51
   at Autofac.Core.Lifetime.LifetimeScope.Dispose(Boolean disposing) in C:\projects\autofac\src\Autofac\Core\Lifetime\LifetimeScope.cs:line 360
   at Autofac.Util.Disposable.Dispose() in C:\projects\autofac\src\Autofac\Util\Disposable.cs:line 51
   at Microsoft.AspNetCore.Hosting.Internal.RequestServicesFeature.Dispose()
   at Microsoft.AspNetCore.Http.HttpResponse.<>c.<.cctor>b__30_1(Object disposable)
   at Microsoft.AspNetCore.Server.Kestrel.Core.Internal.Http.HttpProtocol.FireOnCompletedAwaited(Stack`1 onCompleted)
2020-06-12 13:39:31.385 +05:30 [Information] EmployeeController --> AllEmployeeDetails--> Method Start
2020-06-12 13:39:31.387 +05:30 [Information] DelegateRequest(EmployeeRequest) --> Start with Web.API.Core.RequestResponse.Request.EmployeeRequest
2020-06-12 13:39:31.391 +05:30 [Information] DelegateRequest(EmployeeRequest)-->GetEmployeeDetails--> Method Start
2020-06-12 13:39:32.748 +05:30 [Information] DelegateRequest(EmployeeRequest)-->GetEmployeeDetails--> Method End
2020-06-12 13:39:32.751 +05:30 [Information] DelegateRequest(EmployeeRequest) --> End with Web.API.Core.RequestResponse.Response.EmployeeResponse
2020-06-12 13:39:39.085 +05:30 [Information] EmployeeController --> AllEmployeeDetails--> Method End
2020-06-12 13:39:39.440 +05:30 [Error] Connection id ""0HM0EK412KT22"", Request id ""0HM0EK412KT22:00000001"": An unhandled exception was thrown by the application.
System.NotImplementedException: The method or operation is not implemented.
   at Web.API.Infrastructure.Repository.GenericRepository`1.Dispose() in F:\MVC\CleanArchitectureAPI\CleanArchitectureAPI\Web.API.Infrastructure\Repository\GenericRepository.cs:line 43
   at Autofac.Core.Disposer.Dispose(Boolean disposing) in C:\projects\autofac\src\Autofac\Core\Disposer.cs:line 55
   at Autofac.Util.Disposable.Dispose() in C:\projects\autofac\src\Autofac\Util\Disposable.cs:line 51
   at Autofac.Core.Lifetime.LifetimeScope.Dispose(Boolean disposing) in C:\projects\autofac\src\Autofac\Core\Lifetime\LifetimeScope.cs:line 360
   at Autofac.Util.Disposable.Dispose() in C:\projects\autofac\src\Autofac\Util\Disposable.cs:line 51
   at Microsoft.AspNetCore.Hosting.Internal.RequestServicesFeature.Dispose()
   at Microsoft.AspNetCore.Http.HttpResponse.<>c.<.cctor>b__30_1(Object disposable)
   at Microsoft.AspNetCore.Server.Kestrel.Core.Internal.Http.HttpProtocol.FireOnCompletedAwaited(Stack`1 onCompleted)
2020-06-12 13:39:40.759 +05:30 [Information] EmployeeController --> AllEmployeeDetails--> Method Start
2020-06-12 13:39:40.762 +05:30 [Information] DelegateRequest(EmployeeRequest) --> Start with Web.API.Core.RequestResponse.Request.EmployeeRequest
2020-06-12 13:39:40.765 +05:30 [Information] DelegateRequest(EmployeeRequest)-->GetEmployeeDetails--> Method Start
2020-06-12 13:39:40.915 +05:30 [Information] DelegateRequest(EmployeeRequest)-->GetEmployeeDetails--> Method End
2020-06-12 13:39:40.919 +05:30 [Information] DelegateRequest(EmployeeRequest) --> End with Web.API.Core.RequestResponse.Response.EmployeeResponse
2020-06-12 13:39:45.924 +05:30 [Information] EmployeeController --> AllEmployeeDetails--> Method End
2020-06-12 13:39:47.013 +05:30 [Error] Connection id ""0HM0EK412KT22"", Request id ""0HM0EK412KT22:00000002"": An unhandled exception was thrown by the application.
System.NotImplementedException: The method or operation is not implemented.
   at Web.API.Infrastructure.Repository.GenericRepository`1.Dispose() in F:\MVC\CleanArchitectureAPI\CleanArchitectureAPI\Web.API.Infrastructure\Repository\GenericRepository.cs:line 43
   at Autofac.Core.Disposer.Dispose(Boolean disposing) in C:\projects\autofac\src\Autofac\Core\Disposer.cs:line 55
   at Autofac.Util.Disposable.Dispose() in C:\projects\autofac\src\Autofac\Util\Disposable.cs:line 51
   at Autofac.Core.Lifetime.LifetimeScope.Dispose(Boolean disposing) in C:\projects\autofac\src\Autofac\Core\Lifetime\LifetimeScope.cs:line 360
   at Autofac.Util.Disposable.Dispose() in C:\projects\autofac\src\Autofac\Util\Disposable.cs:line 51
   at Microsoft.AspNetCore.Hosting.Internal.RequestServicesFeature.Dispose()
   at Microsoft.AspNetCore.Http.HttpResponse.<>c.<.cctor>b__30_1(Object disposable)
   at Microsoft.AspNetCore.Server.Kestrel.Core.Internal.Http.HttpProtocol.FireOnCompletedAwaited(Stack`1 onCompleted)
2020-06-12 13:41:43.308 +05:30 [Information] EmployeeController --> AllEmployeeDetails--> Method Start
2020-06-12 13:41:43.311 +05:30 [Information] DelegateRequest(EmployeeRequest) --> Start with Web.API.Core.RequestResponse.Request.EmployeeRequest
2020-06-12 13:41:43.322 +05:30 [Information] DelegateRequest(EmployeeRequest)-->GetEmployeeDetails--> Method Start
2020-06-12 13:41:43.409 +05:30 [Information] DelegateRequest(EmployeeRequest)-->GetEmployeeDetails--> Method End
2020-06-12 13:41:43.413 +05:30 [Information] DelegateRequest(EmployeeRequest) --> End with Web.API.Core.RequestResponse.Response.EmployeeResponse
2020-06-12 13:41:48.422 +05:30 [Information] EmployeeController --> AllEmployeeDetails--> Method End
2020-06-12 13:41:48.492 +05:30 [Error] Connection id ""0HM0EK412KT23"", Request id ""0HM0EK412KT23:00000001"": An unhandled exception was thrown by the application.
System.NotImplementedException: The method or operation is not implemented.
   at Web.API.Infrastructure.Repository.GenericRepository`1.Dispose() in F:\MVC\CleanArchitectureAPI\CleanArchitectureAPI\Web.API.Infrastructure\Repository\GenericRepository.cs:line 43
   at Autofac.Core.Disposer.Dispose(Boolean disposing) in C:\projects\autofac\src\Autofac\Core\Disposer.cs:line 55
   at Autofac.Util.Disposable.Dispose() in C:\projects\autofac\src\Autofac\Util\Disposable.cs:line 51
   at Autofac.Core.Lifetime.LifetimeScope.Dispose(Boolean disposing) in C:\projects\autofac\src\Autofac\Core\Lifetime\LifetimeScope.cs:line 360
   at Autofac.Util.Disposable.Dispose() in C:\projects\autofac\src\Autofac\Util\Disposable.cs:line 51
   at Microsoft.AspNetCore.Hosting.Internal.RequestServicesFeature.Dispose()
   at Microsoft.AspNetCore.Http.HttpResponse.<>c.<.cctor>b__30_1(Object disposable)
   at Microsoft.AspNetCore.Server.Kestrel.Core.Internal.Http.HttpProtocol.FireOnCompletedAwaited(Stack`1 onCompleted)
2020-06-12 13:42:12.481 +05:30 [Information] EmployeeController --> AllEmployeeDetails--> Method Start
2020-06-12 13:42:12.487 +05:30 [Information] DelegateRequest(EmployeeRequest) --> Start with Web.API.Core.RequestResponse.Request.EmployeeRequest
2020-06-12 13:42:12.492 +05:30 [Information] DelegateRequest(EmployeeRequest)-->GetEmployeeDetails--> Method Start
2020-06-12 13:42:12.516 +05:30 [Information] DelegateRequest(EmployeeRequest)-->GetEmployeeDetails--> Method End
2020-06-12 13:42:12.524 +05:30 [Information] DelegateRequest(EmployeeRequest) --> End with Web.API.Core.RequestResponse.Response.EmployeeResponse
2020-06-12 13:42:17.538 +05:30 [Information] EmployeeController --> AllEmployeeDetails--> Method End
2020-06-12 13:42:17.721 +05:30 [Error] Connection id ""0HM0EK412KT23"", Request id ""0HM0EK412KT23:00000002"": An unhandled exception was thrown by the application.
System.NotImplementedException: The method or operation is not implemented.
   at Web.API.Infrastructure.Repository.GenericRepository`1.Dispose() in F:\MVC\CleanArchitectureAPI\CleanArchitectureAPI\Web.API.Infrastructure\Repository\GenericRepository.cs:line 43
   at Autofac.Core.Disposer.Dispose(Boolean disposing) in C:\projects\autofac\src\Autofac\Core\Disposer.cs:line 55
   at Autofac.Util.Disposable.Dispose() in C:\projects\autofac\src\Autofac\Util\Disposable.cs:line 51
   at Autofac.Core.Lifetime.LifetimeScope.Dispose(Boolean disposing) in C:\projects\autofac\src\Autofac\Core\Lifetime\LifetimeScope.cs:line 360
   at Autofac.Util.Disposable.Dispose() in C:\projects\autofac\src\Autofac\Util\Disposable.cs:line 51
   at Microsoft.AspNetCore.Hosting.Internal.RequestServicesFeature.Dispose()
   at Microsoft.AspNetCore.Http.HttpResponse.<>c.<.cctor>b__30_1(Object disposable)
   at Microsoft.AspNetCore.Server.Kestrel.Core.Internal.Http.HttpProtocol.FireOnCompletedAwaited(Stack`1 onCompleted)
2020-06-12 13:53:21.114 +05:30 [Information] EmployeeController --> GetEmployeeDetailsById--> Method Start
2020-06-12 13:53:21.130 +05:30 [Information] DelegateRequest(EmployeeRequest) --> Start with Web.API.Core.RequestResponse.Request.EmployeeRequest
2020-06-12 13:53:21.156 +05:30 [Information] DelegateRequest(EmployeeRequest)--> SelectById
2020-06-12 13:53:23.895 +05:30 [Information] DelegateRequest(EmployeeRequest) --> End with Web.API.Core.RequestResponse.Response.EmployeeResponse
2020-06-12 13:53:23.903 +05:30 [Information] EmployeeController --> GetEmployeeDetailsById--> Method End
2020-06-12 13:53:24.177 +05:30 [Error] Connection id ""0HM0EK412KT24"", Request id ""0HM0EK412KT24:00000001"": An unhandled exception was thrown by the application.
System.NotImplementedException: The method or operation is not implemented.
   at Web.API.Infrastructure.Repository.GenericRepository`1.Dispose() in F:\MVC\CleanArchitectureAPI\CleanArchitectureAPI\Web.API.Infrastructure\Repository\GenericRepository.cs:line 43
   at Autofac.Core.Disposer.Dispose(Boolean disposing) in C:\projects\autofac\src\Autofac\Core\Disposer.cs:line 55
   at Autofac.Util.Disposable.Dispose() in C:\projects\autofac\src\Autofac\Util\Disposable.cs:line 51
   at Autofac.Core.Lifetime.LifetimeScope.Dispose(Boolean disposing) in C:\projects\autofac\src\Autofac\Core\Lifetime\LifetimeScope.cs:line 360
   at Autofac.Util.Disposable.Dispose() in C:\projects\autofac\src\Autofac\Util\Disposable.cs:line 51
   at Microsoft.AspNetCore.Hosting.Internal.RequestServicesFeature.Dispose()
   at Microsoft.AspNetCore.Http.HttpResponse.<>c.<.cctor>b__30_1(Object disposable)
   at Microsoft.AspNetCore.Server.Kestrel.Core.Internal.Http.HttpProtocol.FireOnCompletedAwaited(Stack`1 onCompleted)
2020-06-12 13:53:27.151 +05:30 [Information] EmployeeController --> GetEmployeeDetailsById--> Method Start
2020-06-12 13:53:27.158 +05:30 [Information] DelegateRequest(EmployeeRequest) --> Start with Web.API.Core.RequestResponse.Request.EmployeeRequest
2020-06-12 13:53:27.227 +05:30 [Information] DelegateRequest(EmployeeRequest)--> SelectById
2020-06-12 13:53:27.313 +05:30 [Information] DelegateRequest(EmployeeRequest) --> End with Web.API.Core.RequestResponse.Response.EmployeeResponse
2020-06-12 13:53:27.348 +05:30 [Information] EmployeeController --> GetEmployeeDetailsById--> Method End
2020-06-12 13:53:27.451 +05:30 [Error] Connection id ""0HM0EK412KT24"", Request id ""0HM0EK412KT24:00000002"": An unhandled exception was thrown by the application.
System.NotImplementedException: The method or operation is not implemented.
   at Web.API.Infrastructure.Repository.GenericRepository`1.Dispose() in F:\MVC\CleanArchitectureAPI\CleanArchitectureAPI\Web.API.Infrastructure\Repository\GenericRepository.cs:line 43
   at Autofac.Core.Disposer.Dispose(Boolean disposing) in C:\projects\autofac\src\Autofac\Core\Disposer.cs:line 55
   at Autofac.Util.Disposable.Dispose() in C:\projects\autofac\src\Autofac\Util\Disposable.cs:line 51
   at Autofac.Core.Lifetime.LifetimeScope.Dispose(Boolean disposing) in C:\projects\autofac\src\Autofac\Core\Lifetime\LifetimeScope.cs:line 360
   at Autofac.Util.Disposable.Dispose() in C:\projects\autofac\src\Autofac\Util\Disposable.cs:line 51
   at Microsoft.AspNetCore.Hosting.Internal.RequestServicesFeature.Dispose()
   at Microsoft.AspNetCore.Http.HttpResponse.<>c.<.cctor>b__30_1(Object disposable)
   at Microsoft.AspNetCore.Server.Kestrel.Core.Internal.Http.HttpProtocol.FireOnCompletedAwaited(Stack`1 onCompleted)
2020-06-12 13:53:28.309 +05:30 [Information] EmployeeController --> GetEmployeeDetailsById--> Method Start
2020-06-12 13:53:28.332 +05:30 [Information] DelegateRequest(EmployeeRequest) --> Start with Web.API.Core.RequestResponse.Request.EmployeeRequest
2020-06-12 13:53:28.339 +05:30 [Information] DelegateRequest(EmployeeRequest)--> SelectById
2020-06-12 13:53:28.401 +05:30 [Information] DelegateRequest(EmployeeRequest) --> End with Web.API.Core.RequestResponse.Response.EmployeeResponse
2020-06-12 13:53:28.407 +05:30 [Information] EmployeeController --> GetEmployeeDetailsById--> Method End
2020-06-12 13:53:28.543 +05:30 [Error] Connection id ""0HM0EK412KT24"", Request id ""0HM0EK412KT24:00000003"": An unhandled exception was thrown by the application.
System.NotImplementedException: The method or operation is not implemented.
   at Web.API.Infrastructure.Repository.GenericRepository`1.Dispose() in F:\MVC\CleanArchitectureAPI\CleanArchitectureAPI\Web.API.Infrastructure\Repository\GenericRepository.cs:line 43
   at Autofac.Core.Disposer.Dispose(Boolean disposing) in C:\projects\autofac\src\Autofac\Core\Disposer.cs:line 55
   at Autofac.Util.Disposable.Dispose() in C:\projects\autofac\src\Autofac\Util\Disposable.cs:line 51
   at Autofac.Core.Lifetime.LifetimeScope.Dispose(Boolean disposing) in C:\projects\autofac\src\Autofac\Core\Lifetime\LifetimeScope.cs:line 360
   at Autofac.Util.Disposable.Dispose() in C:\projects\autofac\src\Autofac\Util\Disposable.cs:line 51
   at Microsoft.AspNetCore.Hosting.Internal.RequestServicesFeature.Dispose()
   at Microsoft.AspNetCore.Http.HttpResponse.<>c.<.cctor>b__30_1(Object disposable)
   at Microsoft.AspNetCore.Server.Kestrel.Core.Internal.Http.HttpProtocol.FireOnCompletedAwaited(Stack`1 onCompleted)
2020-06-12 13:53:30.712 +05:30 [Information] EmployeeController --> GetEmployeeDetailsById--> Method Start
2020-06-12 13:53:30.719 +05:30 [Information] DelegateRequest(EmployeeRequest) --> Start with Web.API.Core.RequestResponse.Request.EmployeeRequest
2020-06-12 13:53:30.724 +05:30 [Information] DelegateRequest(EmployeeRequest)--> SelectById
2020-06-12 13:53:30.906 +05:30 [Information] DelegateRequest(EmployeeRequest) --> End with Web.API.Core.RequestResponse.Response.EmployeeResponse
2020-06-12 13:53:30.913 +05:30 [Information] EmployeeController --> GetEmployeeDetailsById--> Method End
2020-06-12 13:53:31.225 +05:30 [Error] Connection id ""0HM0EK412KT24"", Request id ""0HM0EK412KT24:00000004"": An unhandled exception was thrown by the application.
System.NotImplementedException: The method or operation is not implemented.
   at Web.API.Infrastructure.Repository.GenericRepository`1.Dispose() in F:\MVC\CleanArchitectureAPI\CleanArchitectureAPI\Web.API.Infrastructure\Repository\GenericRepository.cs:line 43
   at Autofac.Core.Disposer.Dispose(Boolean disposing) in C:\projects\autofac\src\Autofac\Core\Disposer.cs:line 55
   at Autofac.Util.Disposable.Dispose() in C:\projects\autofac\src\Autofac\Util\Disposable.cs:line 51
   at Autofac.Core.Lifetime.LifetimeScope.Dispose(Boolean disposing) in C:\projects\autofac\src\Autofac\Core\Lifetime\LifetimeScope.cs:line 360
   at Autofac.Util.Disposable.Dispose() in C:\projects\autofac\src\Autofac\Util\Disposable.cs:line 51
   at Microsoft.AspNetCore.Hosting.Internal.RequestServicesFeature.Dispose()
   at Microsoft.AspNetCore.Http.HttpResponse.<>c.<.cctor>b__30_1(Object disposable)
   at Microsoft.AspNetCore.Server.Kestrel.Core.Internal.Http.HttpProtocol.FireOnCompletedAwaited(Stack`1 onCompleted)
2020-06-12 13:53:31.598 +05:30 [Information] EmployeeController --> GetEmployeeDetailsById--> Method Start
2020-06-12 13:53:31.661 +05:30 [Information] DelegateRequest(EmployeeRequest) --> Start with Web.API.Core.RequestResponse.Request.EmployeeRequest
2020-06-12 13:53:31.678 +05:30 [Information] DelegateRequest(EmployeeRequest)--> SelectById
2020-06-12 13:53:32.004 +05:30 [Information] DelegateRequest(EmployeeRequest) --> End with Web.API.Core.RequestResponse.Response.EmployeeResponse
2020-06-12 13:53:32.014 +05:30 [Information] EmployeeController --> GetEmployeeDetailsById--> Method End
2020-06-12 13:53:32.055 +05:30 [Information] EmployeeController --> GetEmployeeDetailsById--> Method Start
2020-06-12 13:53:32.068 +05:30 [Information] DelegateRequest(EmployeeRequest) --> Start with Web.API.Core.RequestResponse.Request.EmployeeRequest
2020-06-12 13:53:32.130 +05:30 [Information] DelegateRequest(EmployeeRequest)--> SelectById
2020-06-12 13:53:32.503 +05:30 [Information] DelegateRequest(EmployeeRequest) --> End with Web.API.Core.RequestResponse.Response.EmployeeResponse
2020-06-12 13:53:32.515 +05:30 [Error] Connection id ""0HM0EK412KT25"", Request id ""0HM0EK412KT25:00000001"": An unhandled exception was thrown by the application.
System.NotImplementedException: The method or operation is not implemented.
   at Web.API.Infrastructure.Repository.GenericRepository`1.Dispose() in F:\MVC\CleanArchitectureAPI\CleanArchitectureAPI\Web.API.Infrastructure\Repository\GenericRepository.cs:line 43
   at Autofac.Core.Disposer.Dispose(Boolean disposing) in C:\projects\autofac\src\Autofac\Core\Disposer.cs:line 55
   at Autofac.Util.Disposable.Dispose() in C:\projects\autofac\src\Autofac\Util\Disposable.cs:line 51
   at Autofac.Core.Lifetime.LifetimeScope.Dispose(Boolean disposing) in C:\projects\autofac\src\Autofac\Core\Lifetime\LifetimeScope.cs:line 360
   at Autofac.Util.Disposable.Dispose() in C:\projects\autofac\src\Autofac\Util\Disposable.cs:line 51
   at Microsoft.AspNetCore.Hosting.Internal.RequestServicesFeature.Dispose()
   at Microsoft.AspNetCore.Http.HttpResponse.<>c.<.cctor>b__30_1(Object disposable)
   at Microsoft.AspNetCore.Server.Kestrel.Core.Internal.Http.HttpProtocol.FireOnCompletedAwaited(Stack`1 onCompleted)
2020-06-12 13:53:32.518 +05:30 [Information] EmployeeController --> GetEmployeeDetailsById--> Method End
2020-06-12 13:53:32.667 +05:30 [Error] Connection id ""0HM0EK412KT24"", Request id ""0HM0EK412KT24:00000005"": An unhandled exception was thrown by the application.
System.NotImplementedException: The method or operation is not implemented.
   at Web.API.Infrastructure.Repository.GenericRepository`1.Dispose() in F:\MVC\CleanArchitectureAPI\CleanArchitectureAPI\Web.API.Infrastructure\Repository\GenericRepository.cs:line 43
   at Autofac.Core.Disposer.Dispose(Boolean disposing) in C:\projects\autofac\src\Autofac\Core\Disposer.cs:line 55
   at Autofac.Util.Disposable.Dispose() in C:\projects\autofac\src\Autofac\Util\Disposable.cs:line 51
   at Autofac.Core.Lifetime.LifetimeScope.Dispose(Boolean disposing) in C:\projects\autofac\src\Autofac\Core\Lifetime\LifetimeScope.cs:line 360
   at Autofac.Util.Disposable.Dispose() in C:\projects\autofac\src\Autofac\Util\Disposable.cs:line 51
   at Microsoft.AspNetCore.Hosting.Internal.RequestServicesFeature.Dispose()
   at Microsoft.AspNetCore.Http.HttpResponse.<>c.<.cctor>b__30_1(Object disposable)
   at Microsoft.AspNetCore.Server.Kestrel.Core.Internal.Http.HttpProtocol.FireOnCompletedAwaited(Stack`1 onCompleted)
2020-06-12 13:53:33.874 +05:30 [Information] EmployeeController --> GetEmployeeDetailsById--> Method Start
2020-06-12 13:53:33.900 +05:30 [Information] DelegateRequest(EmployeeRequest) --> Start with Web.API.Core.RequestResponse.Request.EmployeeRequest
2020-06-12 13:53:33.908 +05:30 [Information] DelegateRequest(EmployeeRequest)--> SelectById
2020-06-12 13:53:33.952 +05:30 [Information] DelegateRequest(EmployeeRequest) --> End with Web.API.Core.RequestResponse.Response.EmployeeResponse
2020-06-12 13:53:33.957 +05:30 [Information] EmployeeController --> GetEmployeeDetailsById--> Method End
2020-06-12 13:53:34.102 +05:30 [Error] Connection id ""0HM0EK412KT25"", Request id ""0HM0EK412KT25:00000002"": An unhandled exception was thrown by the application.
System.NotImplementedException: The method or operation is not implemented.
   at Web.API.Infrastructure.Repository.GenericRepository`1.Dispose() in F:\MVC\CleanArchitectureAPI\CleanArchitectureAPI\Web.API.Infrastructure\Repository\GenericRepository.cs:line 43
   at Autofac.Core.Disposer.Dispose(Boolean disposing) in C:\projects\autofac\src\Autofac\Core\Disposer.cs:line 55
   at Autofac.Util.Disposable.Dispose() in C:\projects\autofac\src\Autofac\Util\Disposable.cs:line 51
   at Autofac.Core.Lifetime.LifetimeScope.Dispose(Boolean disposing) in C:\projects\autofac\src\Autofac\Core\Lifetime\LifetimeScope.cs:line 360
   at Autofac.Util.Disposable.Dispose() in C:\projects\autofac\src\Autofac\Util\Disposable.cs:line 51
   at Microsoft.AspNetCore.Hosting.Internal.RequestServicesFeature.Dispose()
   at Microsoft.AspNetCore.Http.HttpResponse.<>c.<.cctor>b__30_1(Object disposable)
   at Microsoft.AspNetCore.Server.Kestrel.Core.Internal.Http.HttpProtocol.FireOnCompletedAwaited(Stack`1 onCompleted)
2020-06-12 13:53:34.520 +05:30 [Information] EmployeeController --> GetEmployeeDetailsById--> Method Start
2020-06-12 13:53:34.528 +05:30 [Information] DelegateRequest(EmployeeRequest) --> Start with Web.API.Core.RequestResponse.Request.EmployeeRequest
2020-06-12 13:53:34.533 +05:30 [Information] DelegateRequest(EmployeeRequest)--> SelectById
2020-06-12 13:53:34.583 +05:30 [Information] DelegateRequest(EmployeeRequest) --> End with Web.API.Core.RequestResponse.Response.EmployeeResponse
2020-06-12 13:53:34.587 +05:30 [Information] EmployeeController --> GetEmployeeDetailsById--> Method End
2020-06-12 13:53:35.007 +05:30 [Error] Connection id ""0HM0EK412KT24"", Request id ""0HM0EK412KT24:00000006"": An unhandled exception was thrown by the application.
System.NotImplementedException: The method or operation is not implemented.
   at Web.API.Infrastructure.Repository.GenericRepository`1.Dispose() in F:\MVC\CleanArchitectureAPI\CleanArchitectureAPI\Web.API.Infrastructure\Repository\GenericRepository.cs:line 43
   at Autofac.Core.Disposer.Dispose(Boolean disposing) in C:\projects\autofac\src\Autofac\Core\Disposer.cs:line 55
   at Autofac.Util.Disposable.Dispose() in C:\projects\autofac\src\Autofac\Util\Disposable.cs:line 51
   at Autofac.Core.Lifetime.LifetimeScope.Dispose(Boolean disposing) in C:\projects\autofac\src\Autofac\Core\Lifetime\LifetimeScope.cs:line 360
   at Autofac.Util.Disposable.Dispose() in C:\projects\autofac\src\Autofac\Util\Disposable.cs:line 51
   at Microsoft.AspNetCore.Hosting.Internal.RequestServicesFeature.Dispose()
   at Microsoft.AspNetCore.Http.HttpResponse.<>c.<.cctor>b__30_1(Object disposable)
   at Microsoft.AspNetCore.Server.Kestrel.Core.Internal.Http.HttpProtocol.FireOnCompletedAwaited(Stack`1 onCompleted)
2020-06-12 13:53:35.084 +05:30 [Information] EmployeeController --> GetEmployeeDetailsById--> Method Start
2020-06-12 13:53:35.089 +05:30 [Information] DelegateRequest(EmployeeRequest) --> Start with Web.API.Core.RequestResponse.Request.EmployeeRequest
2020-06-12 13:53:35.095 +05:30 [Information] DelegateRequest(EmployeeRequest)--> SelectById
2020-06-12 13:53:35.347 +05:30 [Information] DelegateRequest(EmployeeRequest) --> End with Web.API.Core.RequestResponse.Response.EmployeeResponse
2020-06-12 13:53:35.353 +05:30 [Information] EmployeeController --> GetEmployeeDetailsById--> Method End
2020-06-12 13:53:35.812 +05:30 [Error] Connection id ""0HM0EK412KT25"", Request id ""0HM0EK412KT25:00000003"": An unhandled exception was thrown by the application.
System.NotImplementedException: The method or operation is not implemented.
   at Web.API.Infrastructure.Repository.GenericRepository`1.Dispose() in F:\MVC\CleanArchitectureAPI\CleanArchitectureAPI\Web.API.Infrastructure\Repository\GenericRepository.cs:line 43
   at Autofac.Core.Disposer.Dispose(Boolean disposing) in C:\projects\autofac\src\Autofac\Core\Disposer.cs:line 55
   at Autofac.Util.Disposable.Dispose() in C:\projects\autofac\src\Autofac\Util\Disposable.cs:line 51
   at Autofac.Core.Lifetime.LifetimeScope.Dispose(Boolean disposing) in C:\projects\autofac\src\Autofac\Core\Lifetime\LifetimeScope.cs:line 360
   at Autofac.Util.Disposable.Dispose() in C:\projects\autofac\src\Autofac\Util\Disposable.cs:line 51
   at Microsoft.AspNetCore.Hosting.Internal.RequestServicesFeature.Dispose()
   at Microsoft.AspNetCore.Http.HttpResponse.<>c.<.cctor>b__30_1(Object disposable)
   at Microsoft.AspNetCore.Server.Kestrel.Core.Internal.Http.HttpProtocol.FireOnCompletedAwaited(Stack`1 onCompleted)
2020-06-12 13:53:35.964 +05:30 [Information] EmployeeController --> GetEmployeeDetailsById--> Method Start
2020-06-12 13:53:35.996 +05:30 [Information] DelegateRequest(EmployeeRequest) --> Start with Web.API.Core.RequestResponse.Request.EmployeeRequest
2020-06-12 13:53:36.019 +05:30 [Information] DelegateRequest(EmployeeRequest)--> SelectById
2020-06-12 13:53:36.090 +05:30 [Information] DelegateRequest(EmployeeRequest) --> End with Web.API.Core.RequestResponse.Response.EmployeeResponse
2020-06-12 13:53:36.097 +05:30 [Information] EmployeeController --> GetEmployeeDetailsById--> Method End
2020-06-12 13:53:36.428 +05:30 [Error] Connection id ""0HM0EK412KT24"", Request id ""0HM0EK412KT24:00000007"": An unhandled exception was thrown by the application.
System.NotImplementedException: The method or operation is not implemented.
   at Web.API.Infrastructure.Repository.GenericRepository`1.Dispose() in F:\MVC\CleanArchitectureAPI\CleanArchitectureAPI\Web.API.Infrastructure\Repository\GenericRepository.cs:line 43
   at Autofac.Core.Disposer.Dispose(Boolean disposing) in C:\projects\autofac\src\Autofac\Core\Disposer.cs:line 55
   at Autofac.Util.Disposable.Dispose() in C:\projects\autofac\src\Autofac\Util\Disposable.cs:line 51
   at Autofac.Core.Lifetime.LifetimeScope.Dispose(Boolean disposing) in C:\projects\autofac\src\Autofac\Core\Lifetime\LifetimeScope.cs:line 360
   at Autofac.Util.Disposable.Dispose() in C:\projects\autofac\src\Autofac\Util\Disposable.cs:line 51
   at Microsoft.AspNetCore.Hosting.Internal.RequestServicesFeature.Dispose()
   at Microsoft.AspNetCore.Http.HttpResponse.<>c.<.cctor>b__30_1(Object disposable)
   at Microsoft.AspNetCore.Server.Kestrel.Core.Internal.Http.HttpProtocol.FireOnCompletedAwaited(Stack`1 onCompleted)
2020-06-12 13:53:36.739 +05:30 [Information] EmployeeController --> GetEmployeeDetailsById--> Method Start
2020-06-12 13:53:36.745 +05:30 [Information] DelegateRequest(EmployeeRequest) --> Start with Web.API.Core.RequestResponse.Request.EmployeeRequest
2020-06-12 13:53:36.749 +05:30 [Information] DelegateRequest(EmployeeRequest)--> SelectById
2020-06-12 13:53:36.826 +05:30 [Information] DelegateRequest(EmployeeRequest) --> End with Web.API.Core.RequestResponse.Response.EmployeeResponse
2020-06-12 13:53:36.833 +05:30 [Information] EmployeeController --> GetEmployeeDetailsById--> Method End
2020-06-12 13:53:37.068 +05:30 [Error] Connection id ""0HM0EK412KT25"", Request id ""0HM0EK412KT25:00000004"": An unhandled exception was thrown by the application.
System.NotImplementedException: The method or operation is not implemented.
   at Web.API.Infrastructure.Repository.GenericRepository`1.Dispose() in F:\MVC\CleanArchitectureAPI\CleanArchitectureAPI\Web.API.Infrastructure\Repository\GenericRepository.cs:line 43
   at Autofac.Core.Disposer.Dispose(Boolean disposing) in C:\projects\autofac\src\Autofac\Core\Disposer.cs:line 55
   at Autofac.Util.Disposable.Dispose() in C:\projects\autofac\src\Autofac\Util\Disposable.cs:line 51
   at Autofac.Core.Lifetime.LifetimeScope.Dispose(Boolean disposing) in C:\projects\autofac\src\Autofac\Core\Lifetime\LifetimeScope.cs:line 360
   at Autofac.Util.Disposable.Dispose() in C:\projects\autofac\src\Autofac\Util\Disposable.cs:line 51
   at Microsoft.AspNetCore.Hosting.Internal.RequestServicesFeature.Dispose()
   at Microsoft.AspNetCore.Http.HttpResponse.<>c.<.cctor>b__30_1(Object disposable)
   at Microsoft.AspNetCore.Server.Kestrel.Core.Internal.Http.HttpProtocol.FireOnCompletedAwaited(Stack`1 onCompleted)
2020-06-12 14:00:13.962 +05:30 [Information] EmployeeController --> AllEmployeeDetails--> Method Start
2020-06-12 14:00:13.974 +05:30 [Information] DelegateRequest(EmployeeRequest) --> Start with Web.API.Core.RequestResponse.Request.EmployeeRequest
2020-06-12 14:00:14.013 +05:30 [Information] DelegateRequest(EmployeeRequest)-->GetEmployeeDetails--> Method Start
2020-06-12 14:00:14.253 +05:30 [Information] DelegateRequest(EmployeeRequest)-->GetEmployeeDetails--> Method End
2020-06-12 14:00:14.262 +05:30 [Information] DelegateRequest(EmployeeRequest) --> End with Web.API.Core.RequestResponse.Response.EmployeeResponse
2020-06-12 14:00:19.267 +05:30 [Information] EmployeeController --> AllEmployeeDetails--> Method End
2020-06-12 14:00:20.104 +05:30 [Error] Connection id ""0HM0EK412KT26"", Request id ""0HM0EK412KT26:00000001"": An unhandled exception was thrown by the application.
System.NotImplementedException: The method or operation is not implemented.
   at Web.API.Infrastructure.Repository.GenericRepository`1.Dispose() in F:\MVC\CleanArchitectureAPI\CleanArchitectureAPI\Web.API.Infrastructure\Repository\GenericRepository.cs:line 43
   at Autofac.Core.Disposer.Dispose(Boolean disposing) in C:\projects\autofac\src\Autofac\Core\Disposer.cs:line 55
   at Autofac.Util.Disposable.Dispose() in C:\projects\autofac\src\Autofac\Util\Disposable.cs:line 51
   at Autofac.Core.Lifetime.LifetimeScope.Dispose(Boolean disposing) in C:\projects\autofac\src\Autofac\Core\Lifetime\LifetimeScope.cs:line 360
   at Autofac.Util.Disposable.Dispose() in C:\projects\autofac\src\Autofac\Util\Disposable.cs:line 51
   at Microsoft.AspNetCore.Hosting.Internal.RequestServicesFeature.Dispose()
   at Microsoft.AspNetCore.Http.HttpResponse.<>c.<.cctor>b__30_1(Object disposable)
   at Microsoft.AspNetCore.Server.Kestrel.Core.Internal.Http.HttpProtocol.FireOnCompletedAwaited(Stack`1 onCompleted)
2020-06-12 14:00:57.827 +05:30 [Information] EmployeeController --> AllEmployeeDetails--> Method Start
2020-06-12 14:00:57.882 +05:30 [Information] DelegateRequest(EmployeeRequest) --> Start with Web.API.Core.RequestResponse.Request.EmployeeRequest
2020-06-12 14:00:58.187 +05:30 [Information] DelegateRequest(EmployeeRequest)-->GetEmployeeDetails--> Method Start
2020-06-12 14:00:59.368 +05:30 [Information] DelegateRequest(EmployeeRequest)-->GetEmployeeDetails--> Method End
2020-06-12 14:00:59.604 +05:30 [Information] DelegateRequest(EmployeeRequest) --> End with Web.API.Core.RequestResponse.Response.EmployeeResponse
2020-06-12 14:01:04.640 +05:30 [Information] EmployeeController --> AllEmployeeDetails--> Method End
2020-06-12 14:01:05.099 +05:30 [Error] Connection id ""0HM0EK412KT26"", Request id ""0HM0EK412KT26:00000002"": An unhandled exception was thrown by the application.
System.NotImplementedException: The method or operation is not implemented.
   at Web.API.Infrastructure.Repository.GenericRepository`1.Dispose() in F:\MVC\CleanArchitectureAPI\CleanArchitectureAPI\Web.API.Infrastructure\Repository\GenericRepository.cs:line 43
   at Autofac.Core.Disposer.Dispose(Boolean disposing) in C:\projects\autofac\src\Autofac\Core\Disposer.cs:line 55
   at Autofac.Util.Disposable.Dispose() in C:\projects\autofac\src\Autofac\Util\Disposable.cs:line 51
   at Autofac.Core.Lifetime.LifetimeScope.Dispose(Boolean disposing) in C:\projects\autofac\src\Autofac\Core\Lifetime\LifetimeScope.cs:line 360
   at Autofac.Util.Disposable.Dispose() in C:\projects\autofac\src\Autofac\Util\Disposable.cs:line 51
   at Microsoft.AspNetCore.Hosting.Internal.RequestServicesFeature.Dispose()
   at Microsoft.AspNetCore.Http.HttpResponse.<>c.<.cctor>b__30_1(Object disposable)
   at Microsoft.AspNetCore.Server.Kestrel.Core.Internal.Http.HttpProtocol.FireOnCompletedAwaited(Stack`1 onCompleted)
2020-06-12 14:28:26.392 +05:30 [Information] EmployeeController --> AllEmployeeDetails--> Method Start
2020-06-12 14:28:26.412 +05:30 [Information] DelegateRequest(EmployeeRequest) --> Start with Web.API.Core.RequestResponse.Request.EmployeeRequest
2020-06-12 14:28:26.453 +05:30 [Information] DelegateRequest(EmployeeRequest)-->GetEmployeeDetails--> Method Start
2020-06-12 14:28:27.159 +05:30 [Information] DelegateRequest(EmployeeRequest)-->GetEmployeeDetails--> Method End
2020-06-12 14:28:27.299 +05:30 [Information] DelegateRequest(EmployeeRequest) --> End with Web.API.Core.RequestResponse.Response.EmployeeResponse
2020-06-12 14:28:32.325 +05:30 [Information] EmployeeController --> AllEmployeeDetails--> Method End
2020-06-12 14:28:32.980 +05:30 [Error] Connection id ""0HM0EK412KT27"", Request id ""0HM0EK412KT27:00000001"": An unhandled exception was thrown by the application.
System.NotImplementedException: The method or operation is not implemented.
   at Web.API.Infrastructure.Repository.GenericRepository`1.Dispose() in F:\MVC\CleanArchitectureAPI\CleanArchitectureAPI\Web.API.Infrastructure\Repository\GenericRepository.cs:line 43
   at Autofac.Core.Disposer.Dispose(Boolean disposing) in C:\projects\autofac\src\Autofac\Core\Disposer.cs:line 55
   at Autofac.Util.Disposable.Dispose() in C:\projects\autofac\src\Autofac\Util\Disposable.cs:line 51
   at Autofac.Core.Lifetime.LifetimeScope.Dispose(Boolean disposing) in C:\projects\autofac\src\Autofac\Core\Lifetime\LifetimeScope.cs:line 360
   at Autofac.Util.Disposable.Dispose() in C:\projects\autofac\src\Autofac\Util\Disposable.cs:line 51
   at Microsoft.AspNetCore.Hosting.Internal.RequestServicesFeature.Dispose()
   at Microsoft.AspNetCore.Http.HttpResponse.<>c.<.cctor>b__30_1(Object disposable)
   at Microsoft.AspNetCore.Server.Kestrel.Core.Internal.Http.HttpProtocol.FireOnCompletedAwaited(Stack`1 onCompleted)
2020-06-12 14:46:42.964 +05:30 [Information] EmployeeController --> AllEmployeeDetails--> Method Start
2020-06-12 14:46:43.032 +05:30 [Information] DelegateRequest(EmployeeRequest) --> Start with Web.API.Core.RequestResponse.Request.EmployeeRequest
2020-06-12 14:46:43.052 +05:30 [Information] DelegateRequest(EmployeeRequest)-->GetEmployeeDetails--> Method Start
2020-06-12 14:46:44.234 +05:30 [Information] DelegateRequest(EmployeeRequest)-->GetEmployeeDetails--> Method End
2020-06-12 14:46:44.239 +05:30 [Information] DelegateRequest(EmployeeRequest) --> End with Web.API.Core.RequestResponse.Response.EmployeeResponse
2020-06-12 14:46:49.281 +05:30 [Information] EmployeeController --> AllEmployeeDetails--> Method End
2020-06-12 14:46:49.896 +05:30 [Error] Connection id ""0HM0EK412KT28"", Request id ""0HM0EK412KT28:00000001"": An unhandled exception was thrown by the application.
System.NotImplementedException: The method or operation is not implemented.
   at Web.API.Infrastructure.Repository.GenericRepository`1.Dispose() in F:\MVC\CleanArchitectureAPI\CleanArchitectureAPI\Web.API.Infrastructure\Repository\GenericRepository.cs:line 43
   at Autofac.Core.Disposer.Dispose(Boolean disposing) in C:\projects\autofac\src\Autofac\Core\Disposer.cs:line 55
   at Autofac.Util.Disposable.Dispose() in C:\projects\autofac\src\Autofac\Util\Disposable.cs:line 51
   at Autofac.Core.Lifetime.LifetimeScope.Dispose(Boolean disposing) in C:\projects\autofac\src\Autofac\Core\Lifetime\LifetimeScope.cs:line 360
   at Autofac.Util.Disposable.Dispose() in C:\projects\autofac\src\Autofac\Util\Disposable.cs:line 51
   at Microsoft.AspNetCore.Hosting.Internal.RequestServicesFeature.Dispose()
   at Microsoft.AspNetCore.Http.HttpResponse.<>c.<.cctor>b__30_1(Object disposable)
   at Microsoft.AspNetCore.Server.Kestrel.Core.Internal.Http.HttpProtocol.FireOnCompletedAwaited(Stack`1 onCompleted)
2020-06-12 14:47:21.255 +05:30 [Information] EmployeeController --> AllEmployeeDetails--> Method Start
2020-06-12 14:47:21.391 +05:30 [Information] DelegateRequest(EmployeeRequest) --> Start with Web.API.Core.RequestResponse.Request.EmployeeRequest
2020-06-12 14:47:21.400 +05:30 [Information] DelegateRequest(EmployeeRequest)-->GetEmployeeDetails--> Method Start
2020-06-12 14:47:21.567 +05:30 [Information] DelegateRequest(EmployeeRequest)-->GetEmployeeDetails--> Method End
2020-06-12 14:47:21.578 +05:30 [Information] DelegateRequest(EmployeeRequest) --> End with Web.API.Core.RequestResponse.Response.EmployeeResponse
2020-06-12 14:47:26.670 +05:30 [Information] EmployeeController --> AllEmployeeDetails--> Method End
2020-06-12 14:47:27.286 +05:30 [Error] Connection id ""0HM0EK412KT28"", Request id ""0HM0EK412KT28:00000002"": An unhandled exception was thrown by the application.
System.NotImplementedException: The method or operation is not implemented.
   at Web.API.Infrastructure.Repository.GenericRepository`1.Dispose() in F:\MVC\CleanArchitectureAPI\CleanArchitectureAPI\Web.API.Infrastructure\Repository\GenericRepository.cs:line 43
   at Autofac.Core.Disposer.Dispose(Boolean disposing) in C:\projects\autofac\src\Autofac\Core\Disposer.cs:line 55
   at Autofac.Util.Disposable.Dispose() in C:\projects\autofac\src\Autofac\Util\Disposable.cs:line 51
   at Autofac.Core.Lifetime.LifetimeScope.Dispose(Boolean disposing) in C:\projects\autofac\src\Autofac\Core\Lifetime\LifetimeScope.cs:line 360
   at Autofac.Util.Disposable.Dispose() in C:\projects\autofac\src\Autofac\Util\Disposable.cs:line 51
   at Microsoft.AspNetCore.Hosting.Internal.RequestServicesFeature.Dispose()
   at Microsoft.AspNetCore.Http.HttpResponse.<>c.<.cctor>b__30_1(Object disposable)
   at Microsoft.AspNetCore.Server.Kestrel.Core.Internal.Http.HttpProtocol.FireOnCompletedAwaited(Stack`1 onCompleted)
2020-06-12 14:52:00.073 +05:30 [Information] EmployeeController --> AllEmployeeDetails--> Method Start
2020-06-12 14:52:00.091 +05:30 [Information] DelegateRequest(EmployeeRequest) --> Start with Web.API.Core.RequestResponse.Request.EmployeeRequest
2020-06-12 14:52:00.107 +05:30 [Information] DelegateRequest(EmployeeRequest)-->GetEmployeeDetails--> Method Start
2020-06-12 14:52:00.244 +05:30 [Information] DelegateRequest(EmployeeRequest)-->GetEmployeeDetails--> Method End
2020-06-12 14:52:00.270 +05:30 [Information] DelegateRequest(EmployeeRequest) --> End with Web.API.Core.RequestResponse.Response.EmployeeResponse
2020-06-12 14:52:05.277 +05:30 [Information] EmployeeController --> AllEmployeeDetails--> Method End
2020-06-12 14:52:05.580 +05:30 [Error] Connection id ""0HM0EK412KT29"", Request id ""0HM0EK412KT29:00000001"": An unhandled exception was thrown by the application.
System.NotImplementedException: The method or operation is not implemented.
   at Web.API.Infrastructure.Repository.GenericRepository`1.Dispose() in F:\MVC\CleanArchitectureAPI\CleanArchitectureAPI\Web.API.Infrastructure\Repository\GenericRepository.cs:line 43
   at Autofac.Core.Disposer.Dispose(Boolean disposing) in C:\projects\autofac\src\Autofac\Core\Disposer.cs:line 55
   at Autofac.Util.Disposable.Dispose() in C:\projects\autofac\src\Autofac\Util\Disposable.cs:line 51
   at Autofac.Core.Lifetime.LifetimeScope.Dispose(Boolean disposing) in C:\projects\autofac\src\Autofac\Core\Lifetime\LifetimeScope.cs:line 360
   at Autofac.Util.Disposable.Dispose() in C:\projects\autofac\src\Autofac\Util\Disposable.cs:line 51
   at Microsoft.AspNetCore.Hosting.Internal.RequestServicesFeature.Dispose()
   at Microsoft.AspNetCore.Http.HttpResponse.<>c.<.cctor>b__30_1(Object disposable)
   at Microsoft.AspNetCore.Server.Kestrel.Core.Internal.Http.HttpProtocol.FireOnCompletedAwaited(Stack`1 onCompleted)
2020-06-12 15:11:20.079 +05:30 [Information] EmployeeController --> AllEmployeeDetails--> Method Start
2020-06-12 15:11:20.097 +05:30 [Information] DelegateRequest(EmployeeRequest) --> Start with Web.API.Core.RequestResponse.Request.EmployeeRequest
2020-06-12 15:11:20.132 +05:30 [Information] DelegateRequest(EmployeeRequest)-->GetEmployeeDetails--> Method Start
2020-06-12 15:11:20.344 +05:30 [Information] DelegateRequest(EmployeeRequest)-->GetEmployeeDetails--> Method End
2020-06-12 15:11:20.379 +05:30 [Information] DelegateRequest(EmployeeRequest) --> End with Web.API.Core.RequestResponse.Response.EmployeeResponse
2020-06-12 15:11:25.392 +05:30 [Information] EmployeeController --> AllEmployeeDetails--> Method End
2020-06-12 15:11:25.929 +05:30 [Error] Connection id ""0HM0EK412KT2A"", Request id ""0HM0EK412KT2A:00000001"": An unhandled exception was thrown by the application.
System.NotImplementedException: The method or operation is not implemented.
   at Web.API.Infrastructure.Repository.GenericRepository`1.Dispose() in F:\MVC\CleanArchitectureAPI\CleanArchitectureAPI\Web.API.Infrastructure\Repository\GenericRepository.cs:line 43
   at Autofac.Core.Disposer.Dispose(Boolean disposing) in C:\projects\autofac\src\Autofac\Core\Disposer.cs:line 55
   at Autofac.Util.Disposable.Dispose() in C:\projects\autofac\src\Autofac\Util\Disposable.cs:line 51
   at Autofac.Core.Lifetime.LifetimeScope.Dispose(Boolean disposing) in C:\projects\autofac\src\Autofac\Core\Lifetime\LifetimeScope.cs:line 360
   at Autofac.Util.Disposable.Dispose() in C:\projects\autofac\src\Autofac\Util\Disposable.cs:line 51
   at Microsoft.AspNetCore.Hosting.Internal.RequestServicesFeature.Dispose()
   at Microsoft.AspNetCore.Http.HttpResponse.<>c.<.cctor>b__30_1(Object disposable)
   at Microsoft.AspNetCore.Server.Kestrel.Core.Internal.Http.HttpProtocol.FireOnCompletedAwaited(Stack`1 onCompleted)
2020-06-12 15:11:49.868 +05:30 [Information] EmployeeController --> AllEmployeeDetails--> Method Start
2020-06-12 15:11:49.896 +05:30 [Information] DelegateRequest(EmployeeRequest) --> Start with Web.API.Core.RequestResponse.Request.EmployeeRequest
2020-06-12 15:11:49.956 +05:30 [Information] DelegateRequest(EmployeeRequest)-->GetEmployeeDetails--> Method Start
2020-06-12 15:11:50.122 +05:30 [Information] DelegateRequest(EmployeeRequest)-->GetEmployeeDetails--> Method End
2020-06-12 15:11:50.132 +05:30 [Information] DelegateRequest(EmployeeRequest) --> End with Web.API.Core.RequestResponse.Response.EmployeeResponse
2020-06-12 15:11:55.137 +05:30 [Information] EmployeeController --> AllEmployeeDetails--> Method End
2020-06-12 15:11:55.837 +05:30 [Error] Connection id ""0HM0EK412KT2A"", Request id ""0HM0EK412KT2A:00000002"": An unhandled exception was thrown by the application.
System.NotImplementedException: The method or operation is not implemented.
   at Web.API.Infrastructure.Repository.GenericRepository`1.Dispose() in F:\MVC\CleanArchitectureAPI\CleanArchitectureAPI\Web.API.Infrastructure\Repository\GenericRepository.cs:line 43
   at Autofac.Core.Disposer.Dispose(Boolean disposing) in C:\projects\autofac\src\Autofac\Core\Disposer.cs:line 55
   at Autofac.Util.Disposable.Dispose() in C:\projects\autofac\src\Autofac\Util\Disposable.cs:line 51
   at Autofac.Core.Lifetime.LifetimeScope.Dispose(Boolean disposing) in C:\projects\autofac\src\Autofac\Core\Lifetime\LifetimeScope.cs:line 360
   at Autofac.Util.Disposable.Dispose() in C:\projects\autofac\src\Autofac\Util\Disposable.cs:line 51
   at Microsoft.AspNetCore.Hosting.Internal.RequestServicesFeature.Dispose()
   at Microsoft.AspNetCore.Http.HttpResponse.<>c.<.cctor>b__30_1(Object disposable)
   at Microsoft.AspNetCore.Server.Kestrel.Core.Internal.Http.HttpProtocol.FireOnCompletedAwaited(Stack`1 onCompleted)
2020-06-12 15:16:54.587 +05:30 [Information] EmployeeController --> AllEmployeeDetails--> Method Start
2020-06-12 15:16:54.597 +05:30 [Information] DelegateRequest(EmployeeRequest) --> Start with Web.API.Core.RequestResponse.Request.EmployeeRequest
2020-06-12 15:16:54.614 +05:30 [Information] DelegateRequest(EmployeeRequest)-->GetEmployeeDetails--> Method Start
2020-06-12 15:16:54.911 +05:30 [Information] DelegateRequest(EmployeeRequest)-->GetEmployeeDetails--> Method End
2020-06-12 15:16:54.943 +05:30 [Information] DelegateRequest(EmployeeRequest) --> End with Web.API.Core.RequestResponse.Response.EmployeeResponse
2020-06-12 15:16:59.959 +05:30 [Information] EmployeeController --> AllEmployeeDetails--> Method End
2020-06-12 15:17:00.295 +05:30 [Error] Connection id ""0HM0EK412KT2B"", Request id ""0HM0EK412KT2B:00000001"": An unhandled exception was thrown by the application.
System.NotImplementedException: The method or operation is not implemented.
   at Web.API.Infrastructure.Repository.GenericRepository`1.Dispose() in F:\MVC\CleanArchitectureAPI\CleanArchitectureAPI\Web.API.Infrastructure\Repository\GenericRepository.cs:line 43
   at Autofac.Core.Disposer.Dispose(Boolean disposing) in C:\projects\autofac\src\Autofac\Core\Disposer.cs:line 55
   at Autofac.Util.Disposable.Dispose() in C:\projects\autofac\src\Autofac\Util\Disposable.cs:line 51
   at Autofac.Core.Lifetime.LifetimeScope.Dispose(Boolean disposing) in C:\projects\autofac\src\Autofac\Core\Lifetime\LifetimeScope.cs:line 360
   at Autofac.Util.Disposable.Dispose() in C:\projects\autofac\src\Autofac\Util\Disposable.cs:line 51
   at Microsoft.AspNetCore.Hosting.Internal.RequestServicesFeature.Dispose()
   at Microsoft.AspNetCore.Http.HttpResponse.<>c.<.cctor>b__30_1(Object disposable)
   at Microsoft.AspNetCore.Server.Kestrel.Core.Internal.Http.HttpProtocol.FireOnCompletedAwaited(Stack`1 onCompleted)
2020-06-12 15:24:34.139 +05:30 [Information] EmployeeController --> AllEmployeeDetails--> Method Start
2020-06-12 15:24:34.144 +05:30 [Information] DelegateRequest(EmployeeRequest) --> Start with Web.API.Core.RequestResponse.Request.EmployeeRequest
2020-06-12 15:24:34.149 +05:30 [Information] DelegateRequest(EmployeeRequest)-->GetEmployeeDetails--> Method Start
2020-06-12 15:24:34.220 +05:30 [Information] DelegateRequest(EmployeeRequest)-->GetEmployeeDetails--> Method End
2020-06-12 15:24:34.227 +05:30 [Information] DelegateRequest(EmployeeRequest) --> End with Web.API.Core.RequestResponse.Response.EmployeeResponse
2020-06-12 15:24:39.328 +05:30 [Information] EmployeeController --> AllEmployeeDetails--> Method End
2020-06-12 15:24:39.811 +05:30 [Error] Connection id ""0HM0EK412KT2C"", Request id ""0HM0EK412KT2C:00000001"": An unhandled exception was thrown by the application.
System.NotImplementedException: The method or operation is not implemented.
   at Web.API.Infrastructure.Repository.GenericRepository`1.Dispose() in F:\MVC\CleanArchitectureAPI\CleanArchitectureAPI\Web.API.Infrastructure\Repository\GenericRepository.cs:line 43
   at Autofac.Core.Disposer.Dispose(Boolean disposing) in C:\projects\autofac\src\Autofac\Core\Disposer.cs:line 55
   at Autofac.Util.Disposable.Dispose() in C:\projects\autofac\src\Autofac\Util\Disposable.cs:line 51
   at Autofac.Core.Lifetime.LifetimeScope.Dispose(Boolean disposing) in C:\projects\autofac\src\Autofac\Core\Lifetime\LifetimeScope.cs:line 360
   at Autofac.Util.Disposable.Dispose() in C:\projects\autofac\src\Autofac\Util\Disposable.cs:line 51
   at Microsoft.AspNetCore.Hosting.Internal.RequestServicesFeature.Dispose()
   at Microsoft.AspNetCore.Http.HttpResponse.<>c.<.cctor>b__30_1(Object disposable)
   at Microsoft.AspNetCore.Server.Kestrel.Core.Internal.Http.HttpProtocol.FireOnCompletedAwaited(Stack`1 onCompleted)
2020-06-12 15:25:03.030 +05:30 [Information] EmployeeController --> AllEmployeeDetails--> Method Start
2020-06-12 15:25:03.114 +05:30 [Information] DelegateRequest(EmployeeRequest) --> Start with Web.API.Core.RequestResponse.Request.EmployeeRequest
2020-06-12 15:25:03.129 +05:30 [Information] DelegateRequest(EmployeeRequest)-->GetEmployeeDetails--> Method Start
2020-06-12 15:25:03.226 +05:30 [Information] DelegateRequest(EmployeeRequest)-->GetEmployeeDetails--> Method End
2020-06-12 15:25:03.254 +05:30 [Information] DelegateRequest(EmployeeRequest) --> End with Web.API.Core.RequestResponse.Response.EmployeeResponse
2020-06-12 15:25:08.270 +05:30 [Information] EmployeeController --> AllEmployeeDetails--> Method End
2020-06-12 15:25:08.455 +05:30 [Error] Connection id ""0HM0EK412KT2C"", Request id ""0HM0EK412KT2C:00000002"": An unhandled exception was thrown by the application.
System.NotImplementedException: The method or operation is not implemented.
   at Web.API.Infrastructure.Repository.GenericRepository`1.Dispose() in F:\MVC\CleanArchitectureAPI\CleanArchitectureAPI\Web.API.Infrastructure\Repository\GenericRepository.cs:line 43
   at Autofac.Core.Disposer.Dispose(Boolean disposing) in C:\projects\autofac\src\Autofac\Core\Disposer.cs:line 55
   at Autofac.Util.Disposable.Dispose() in C:\projects\autofac\src\Autofac\Util\Disposable.cs:line 51
   at Autofac.Core.Lifetime.LifetimeScope.Dispose(Boolean disposing) in C:\projects\autofac\src\Autofac\Core\Lifetime\LifetimeScope.cs:line 360
   at Autofac.Util.Disposable.Dispose() in C:\projects\autofac\src\Autofac\Util\Disposable.cs:line 51
   at Microsoft.AspNetCore.Hosting.Internal.RequestServicesFeature.Dispose()
   at Microsoft.AspNetCore.Http.HttpResponse.<>c.<.cctor>b__30_1(Object disposable)
   at Microsoft.AspNetCore.Server.Kestrel.Core.Internal.Http.HttpProtocol.FireOnCompletedAwaited(Stack`1 onCompleted)
2020-06-12 15:26:37.752 +05:30 [Information] EmployeeController --> AllEmployeeDetails--> Method Start
2020-06-12 15:26:37.825 +05:30 [Information] DelegateRequest(EmployeeRequest) --> Start with Web.API.Core.RequestResponse.Request.EmployeeRequest
2020-06-12 15:26:37.832 +05:30 [Information] DelegateRequest(EmployeeRequest)-->GetEmployeeDetails--> Method Start
2020-06-12 15:26:37.940 +05:30 [Information] DelegateRequest(EmployeeRequest)-->GetEmployeeDetails--> Method End
2020-06-12 15:26:37.951 +05:30 [Information] DelegateRequest(EmployeeRequest) --> End with Web.API.Core.RequestResponse.Response.EmployeeResponse
2020-06-12 15:26:42.968 +05:30 [Information] EmployeeController --> AllEmployeeDetails--> Method End
2020-06-12 15:26:43.102 +05:30 [Error] Connection id ""0HM0EK412KT2D"", Request id ""0HM0EK412KT2D:00000001"": An unhandled exception was thrown by the application.
System.NotImplementedException: The method or operation is not implemented.
   at Web.API.Infrastructure.Repository.GenericRepository`1.Dispose() in F:\MVC\CleanArchitectureAPI\CleanArchitectureAPI\Web.API.Infrastructure\Repository\GenericRepository.cs:line 43
   at Autofac.Core.Disposer.Dispose(Boolean disposing) in C:\projects\autofac\src\Autofac\Core\Disposer.cs:line 55
   at Autofac.Util.Disposable.Dispose() in C:\projects\autofac\src\Autofac\Util\Disposable.cs:line 51
   at Autofac.Core.Lifetime.LifetimeScope.Dispose(Boolean disposing) in C:\projects\autofac\src\Autofac\Core\Lifetime\LifetimeScope.cs:line 360
   at Autofac.Util.Disposable.Dispose() in C:\projects\autofac\src\Autofac\Util\Disposable.cs:line 51
   at Microsoft.AspNetCore.Hosting.Internal.RequestServicesFeature.Dispose()
   at Microsoft.AspNetCore.Http.HttpResponse.<>c.<.cctor>b__30_1(Object disposable)
   at Microsoft.AspNetCore.Server.Kestrel.Core.Internal.Http.HttpProtocol.FireOnCompletedAwaited(Stack`1 onCompleted)
2020-06-12 15:27:17.702 +05:30 [Information] EmployeeController --> AllEmployeeDetails--> Method Start
2020-06-12 15:27:17.713 +05:30 [Information] DelegateRequest(EmployeeRequest) --> Start with Web.API.Core.RequestResponse.Request.EmployeeRequest
2020-06-12 15:27:17.728 +05:30 [Information] DelegateRequest(EmployeeRequest)-->GetEmployeeDetails--> Method Start
2020-06-12 15:27:17.765 +05:30 [Information] DelegateRequest(EmployeeRequest)-->GetEmployeeDetails--> Method End
2020-06-12 15:27:17.784 +05:30 [Information] DelegateRequest(EmployeeRequest) --> End with Web.API.Core.RequestResponse.Response.EmployeeResponse
2020-06-12 15:27:23.037 +05:30 [Information] EmployeeController --> AllEmployeeDetails--> Method End
2020-06-12 15:27:24.298 +05:30 [Error] Connection id ""0HM0EK412KT2D"", Request id ""0HM0EK412KT2D:00000002"": An unhandled exception was thrown by the application.
System.NotImplementedException: The method or operation is not implemented.
   at Web.API.Infrastructure.Repository.GenericRepository`1.Dispose() in F:\MVC\CleanArchitectureAPI\CleanArchitectureAPI\Web.API.Infrastructure\Repository\GenericRepository.cs:line 43
   at Autofac.Core.Disposer.Dispose(Boolean disposing) in C:\projects\autofac\src\Autofac\Core\Disposer.cs:line 55
   at Autofac.Util.Disposable.Dispose() in C:\projects\autofac\src\Autofac\Util\Disposable.cs:line 51
   at Autofac.Core.Lifetime.LifetimeScope.Dispose(Boolean disposing) in C:\projects\autofac\src\Autofac\Core\Lifetime\LifetimeScope.cs:line 360
   at Autofac.Util.Disposable.Dispose() in C:\projects\autofac\src\Autofac\Util\Disposable.cs:line 51
   at Microsoft.AspNetCore.Hosting.Internal.RequestServicesFeature.Dispose()
   at Microsoft.AspNetCore.Http.HttpResponse.<>c.<.cctor>b__30_1(Object disposable)
   at Microsoft.AspNetCore.Server.Kestrel.Core.Internal.Http.HttpProtocol.FireOnCompletedAwaited(Stack`1 onCompleted)
2020-06-12 15:27:27.268 +05:30 [Information] EmployeeController --> AllEmployeeDetails--> Method Start
2020-06-12 15:27:27.278 +05:30 [Information] DelegateRequest(EmployeeRequest) --> Start with Web.API.Core.RequestResponse.Request.EmployeeRequest
2020-06-12 15:27:27.367 +05:30 [Information] DelegateRequest(EmployeeRequest)-->GetEmployeeDetails--> Method Start
2020-06-12 15:27:27.392 +05:30 [Information] DelegateRequest(EmployeeRequest)-->GetEmployeeDetails--> Method End
2020-06-12 15:27:27.400 +05:30 [Information] DelegateRequest(EmployeeRequest) --> End with Web.API.Core.RequestResponse.Response.EmployeeResponse
2020-06-12 15:27:32.530 +05:30 [Information] EmployeeController --> AllEmployeeDetails--> Method End
2020-06-12 15:27:32.910 +05:30 [Error] Connection id ""0HM0EK412KT2D"", Request id ""0HM0EK412KT2D:00000003"": An unhandled exception was thrown by the application.
System.NotImplementedException: The method or operation is not implemented.
   at Web.API.Infrastructure.Repository.GenericRepository`1.Dispose() in F:\MVC\CleanArchitectureAPI\CleanArchitectureAPI\Web.API.Infrastructure\Repository\GenericRepository.cs:line 43
   at Autofac.Core.Disposer.Dispose(Boolean disposing) in C:\projects\autofac\src\Autofac\Core\Disposer.cs:line 55
   at Autofac.Util.Disposable.Dispose() in C:\projects\autofac\src\Autofac\Util\Disposable.cs:line 51
   at Autofac.Core.Lifetime.LifetimeScope.Dispose(Boolean disposing) in C:\projects\autofac\src\Autofac\Core\Lifetime\LifetimeScope.cs:line 360
   at Autofac.Util.Disposable.Dispose() in C:\projects\autofac\src\Autofac\Util\Disposable.cs:line 51
   at Microsoft.AspNetCore.Hosting.Internal.RequestServicesFeature.Dispose()
   at Microsoft.AspNetCore.Http.HttpResponse.<>c.<.cctor>b__30_1(Object disposable)
   at Microsoft.AspNetCore.Server.Kestrel.Core.Internal.Http.HttpProtocol.FireOnCompletedAwaited(Stack`1 onCompleted)
2020-06-12 15:27:36.947 +05:30 [Information] EmployeeController --> AllEmployeeDetails--> Method Start
2020-06-12 15:27:36.966 +05:30 [Information] DelegateRequest(EmployeeRequest) --> Start with Web.API.Core.RequestResponse.Request.EmployeeRequest
2020-06-12 15:27:36.975 +05:30 [Information] DelegateRequest(EmployeeRequest)-->GetEmployeeDetails--> Method Start
2020-06-12 15:27:37.257 +05:30 [Information] DelegateRequest(EmployeeRequest)-->GetEmployeeDetails--> Method End
2020-06-12 15:27:37.267 +05:30 [Information] DelegateRequest(EmployeeRequest) --> End with Web.API.Core.RequestResponse.Response.EmployeeResponse
2020-06-12 15:27:42.275 +05:30 [Information] EmployeeController --> AllEmployeeDetails--> Method End
2020-06-12 15:27:42.648 +05:30 [Error] Connection id ""0HM0EK412KT2D"", Request id ""0HM0EK412KT2D:00000004"": An unhandled exception was thrown by the application.
System.NotImplementedException: The method or operation is not implemented.
   at Web.API.Infrastructure.Repository.GenericRepository`1.Dispose() in F:\MVC\CleanArchitectureAPI\CleanArchitectureAPI\Web.API.Infrastructure\Repository\GenericRepository.cs:line 43
   at Autofac.Core.Disposer.Dispose(Boolean disposing) in C:\projects\autofac\src\Autofac\Core\Disposer.cs:line 55
   at Autofac.Util.Disposable.Dispose() in C:\projects\autofac\src\Autofac\Util\Disposable.cs:line 51
   at Autofac.Core.Lifetime.LifetimeScope.Dispose(Boolean disposing) in C:\projects\autofac\src\Autofac\Core\Lifetime\LifetimeScope.cs:line 360
   at Autofac.Util.Disposable.Dispose() in C:\projects\autofac\src\Autofac\Util\Disposable.cs:line 51
   at Microsoft.AspNetCore.Hosting.Internal.RequestServicesFeature.Dispose()
   at Microsoft.AspNetCore.Http.HttpResponse.<>c.<.cctor>b__30_1(Object disposable)
   at Microsoft.AspNetCore.Server.Kestrel.Core.Internal.Http.HttpProtocol.FireOnCompletedAwaited(Stack`1 onCompleted)
2020-06-12 15:28:47.699 +05:30 [Information] EmployeeController --> AllEmployeeDetails--> Method Start
2020-06-12 15:28:48.409 +05:30 [Information] DelegateRequest(EmployeeRequest) --> Start with Web.API.Core.RequestResponse.Request.EmployeeRequest
2020-06-12 15:28:48.429 +05:30 [Information] DelegateRequest(EmployeeRequest)-->GetEmployeeDetails--> Method Start
2020-06-12 15:28:48.525 +05:30 [Information] DelegateRequest(EmployeeRequest)-->GetEmployeeDetails--> Method End
2020-06-12 15:28:48.584 +05:30 [Information] DelegateRequest(EmployeeRequest) --> End with Web.API.Core.RequestResponse.Response.EmployeeResponse
2020-06-12 15:28:53.596 +05:30 [Information] EmployeeController --> AllEmployeeDetails--> Method End
2020-06-12 15:28:54.697 +05:30 [Error] Connection id ""0HM0EK412KT2E"", Request id ""0HM0EK412KT2E:00000001"": An unhandled exception was thrown by the application.
System.NotImplementedException: The method or operation is not implemented.
   at Web.API.Infrastructure.Repository.GenericRepository`1.Dispose() in F:\MVC\CleanArchitectureAPI\CleanArchitectureAPI\Web.API.Infrastructure\Repository\GenericRepository.cs:line 43
   at Autofac.Core.Disposer.Dispose(Boolean disposing) in C:\projects\autofac\src\Autofac\Core\Disposer.cs:line 55
   at Autofac.Util.Disposable.Dispose() in C:\projects\autofac\src\Autofac\Util\Disposable.cs:line 51
   at Autofac.Core.Lifetime.LifetimeScope.Dispose(Boolean disposing) in C:\projects\autofac\src\Autofac\Core\Lifetime\LifetimeScope.cs:line 360
   at Autofac.Util.Disposable.Dispose() in C:\projects\autofac\src\Autofac\Util\Disposable.cs:line 51
   at Microsoft.AspNetCore.Hosting.Internal.RequestServicesFeature.Dispose()
   at Microsoft.AspNetCore.Http.HttpResponse.<>c.<.cctor>b__30_1(Object disposable)
   at Microsoft.AspNetCore.Server.Kestrel.Core.Internal.Http.HttpProtocol.FireOnCompletedAwaited(Stack`1 onCompleted)
2020-06-12 15:36:26.663 +05:30 [Information] EmployeeController --> AllEmployeeDetails--> Method Start
2020-06-12 15:36:26.694 +05:30 [Information] DelegateRequest(EmployeeRequest) --> Start with Web.API.Core.RequestResponse.Request.EmployeeRequest
2020-06-12 15:36:26.763 +05:30 [Information] DelegateRequest(EmployeeRequest)-->GetEmployeeDetails--> Method Start
2020-06-12 15:36:27.166 +05:30 [Information] DelegateRequest(EmployeeRequest)-->GetEmployeeDetails--> Method End
2020-06-12 15:36:27.227 +05:30 [Information] DelegateRequest(EmployeeRequest) --> End with Web.API.Core.RequestResponse.Response.EmployeeResponse
2020-06-12 15:36:32.241 +05:30 [Information] EmployeeController --> AllEmployeeDetails--> Method End
2020-06-12 15:36:33.961 +05:30 [Error] Connection id ""0HM0EK412KT2F"", Request id ""0HM0EK412KT2F:00000001"": An unhandled exception was thrown by the application.
System.NotImplementedException: The method or operation is not implemented.
   at Web.API.Infrastructure.Repository.GenericRepository`1.Dispose() in F:\MVC\CleanArchitectureAPI\CleanArchitectureAPI\Web.API.Infrastructure\Repository\GenericRepository.cs:line 43
   at Autofac.Core.Disposer.Dispose(Boolean disposing) in C:\projects\autofac\src\Autofac\Core\Disposer.cs:line 55
   at Autofac.Util.Disposable.Dispose() in C:\projects\autofac\src\Autofac\Util\Disposable.cs:line 51
   at Autofac.Core.Lifetime.LifetimeScope.Dispose(Boolean disposing) in C:\projects\autofac\src\Autofac\Core\Lifetime\LifetimeScope.cs:line 360
   at Autofac.Util.Disposable.Dispose() in C:\projects\autofac\src\Autofac\Util\Disposable.cs:line 51
   at Microsoft.AspNetCore.Hosting.Internal.RequestServicesFeature.Dispose()
   at Microsoft.AspNetCore.Http.HttpResponse.<>c.<.cctor>b__30_1(Object disposable)
   at Microsoft.AspNetCore.Server.Kestrel.Core.Internal.Http.HttpProtocol.FireOnCompletedAwaited(Stack`1 onCompleted)
2020-06-12 15:36:37.694 +05:30 [Information] EmployeeController --> AllEmployeeDetails--> Method Start
2020-06-12 15:36:37.753 +05:30 [Information] DelegateRequest(EmployeeRequest) --> Start with Web.API.Core.RequestResponse.Request.EmployeeRequest
2020-06-12 15:36:37.795 +05:30 [Information] DelegateRequest(EmployeeRequest)-->GetEmployeeDetails--> Method Start
2020-06-12 15:36:37.930 +05:30 [Information] DelegateRequest(EmployeeRequest)-->GetEmployeeDetails--> Method End
2020-06-12 15:36:37.946 +05:30 [Information] DelegateRequest(EmployeeRequest) --> End with Web.API.Core.RequestResponse.Response.EmployeeResponse
2020-06-12 15:36:42.956 +05:30 [Information] EmployeeController --> AllEmployeeDetails--> Method End
2020-06-12 15:36:43.241 +05:30 [Error] Connection id ""0HM0EK412KT2G"", Request id ""0HM0EK412KT2G:00000001"": An unhandled exception was thrown by the application.
System.NotImplementedException: The method or operation is not implemented.
   at Web.API.Infrastructure.Repository.GenericRepository`1.Dispose() in F:\MVC\CleanArchitectureAPI\CleanArchitectureAPI\Web.API.Infrastructure\Repository\GenericRepository.cs:line 43
   at Autofac.Core.Disposer.Dispose(Boolean disposing) in C:\projects\autofac\src\Autofac\Core\Disposer.cs:line 55
   at Autofac.Util.Disposable.Dispose() in C:\projects\autofac\src\Autofac\Util\Disposable.cs:line 51
   at Autofac.Core.Lifetime.LifetimeScope.Dispose(Boolean disposing) in C:\projects\autofac\src\Autofac\Core\Lifetime\LifetimeScope.cs:line 360
   at Autofac.Util.Disposable.Dispose() in C:\projects\autofac\src\Autofac\Util\Disposable.cs:line 51
   at Microsoft.AspNetCore.Hosting.Internal.RequestServicesFeature.Dispose()
   at Microsoft.AspNetCore.Http.HttpResponse.<>c.<.cctor>b__30_1(Object disposable)
   at Microsoft.AspNetCore.Server.Kestrel.Core.Internal.Http.HttpProtocol.FireOnCompletedAwaited(Stack`1 onCompleted)
2020-06-12 15:38:41.598 +05:30 [Information] EmployeeController --> AllEmployeeDetails--> Method Start
2020-06-12 15:38:41.721 +05:30 [Information] DelegateRequest(EmployeeRequest) --> Start with Web.API.Core.RequestResponse.Request.EmployeeRequest
2020-06-12 15:38:42.109 +05:30 [Information] DelegateRequest(EmployeeRequest)-->GetEmployeeDetails--> Method Start
2020-06-12 15:38:42.381 +05:30 [Information] DelegateRequest(EmployeeRequest)-->GetEmployeeDetails--> Method End
2020-06-12 15:38:42.419 +05:30 [Information] DelegateRequest(EmployeeRequest) --> End with Web.API.Core.RequestResponse.Response.EmployeeResponse
2020-06-12 15:38:47.423 +05:30 [Information] EmployeeController --> AllEmployeeDetails--> Method End
2020-06-12 15:38:47.627 +05:30 [Error] Connection id ""0HM0EK412KT2H"", Request id ""0HM0EK412KT2H:00000001"": An unhandled exception was thrown by the application.
System.NotImplementedException: The method or operation is not implemented.
   at Web.API.Infrastructure.Repository.GenericRepository`1.Dispose() in F:\MVC\CleanArchitectureAPI\CleanArchitectureAPI\Web.API.Infrastructure\Repository\GenericRepository.cs:line 43
   at Autofac.Core.Disposer.Dispose(Boolean disposing) in C:\projects\autofac\src\Autofac\Core\Disposer.cs:line 55
   at Autofac.Util.Disposable.Dispose() in C:\projects\autofac\src\Autofac\Util\Disposable.cs:line 51
   at Autofac.Core.Lifetime.LifetimeScope.Dispose(Boolean disposing) in C:\projects\autofac\src\Autofac\Core\Lifetime\LifetimeScope.cs:line 360
   at Autofac.Util.Disposable.Dispose() in C:\projects\autofac\src\Autofac\Util\Disposable.cs:line 51
   at Microsoft.AspNetCore.Hosting.Internal.RequestServicesFeature.Dispose()
   at Microsoft.AspNetCore.Http.HttpResponse.<>c.<.cctor>b__30_1(Object disposable)
   at Microsoft.AspNetCore.Server.Kestrel.Core.Internal.Http.HttpProtocol.FireOnCompletedAwaited(Stack`1 onCompleted)
2020-06-12 15:39:47.502 +05:30 [Information] EmployeeController --> AllEmployeeDetails--> Method Start
2020-06-12 15:39:47.549 +05:30 [Information] DelegateRequest(EmployeeRequest) --> Start with Web.API.Core.RequestResponse.Request.EmployeeRequest
2020-06-12 15:39:47.599 +05:30 [Information] DelegateRequest(EmployeeRequest)-->GetEmployeeDetails--> Method Start
2020-06-12 15:39:47.813 +05:30 [Information] DelegateRequest(EmployeeRequest)-->GetEmployeeDetails--> Method End
2020-06-12 15:39:47.826 +05:30 [Information] DelegateRequest(EmployeeRequest) --> End with Web.API.Core.RequestResponse.Response.EmployeeResponse
2020-06-12 15:39:52.838 +05:30 [Information] EmployeeController --> AllEmployeeDetails--> Method End
2020-06-12 15:39:53.103 +05:30 [Error] Connection id ""0HM0EK412KT2H"", Request id ""0HM0EK412KT2H:00000002"": An unhandled exception was thrown by the application.
System.NotImplementedException: The method or operation is not implemented.
   at Web.API.Infrastructure.Repository.GenericRepository`1.Dispose() in F:\MVC\CleanArchitectureAPI\CleanArchitectureAPI\Web.API.Infrastructure\Repository\GenericRepository.cs:line 43
   at Autofac.Core.Disposer.Dispose(Boolean disposing) in C:\projects\autofac\src\Autofac\Core\Disposer.cs:line 55
   at Autofac.Util.Disposable.Dispose() in C:\projects\autofac\src\Autofac\Util\Disposable.cs:line 51
   at Autofac.Core.Lifetime.LifetimeScope.Dispose(Boolean disposing) in C:\projects\autofac\src\Autofac\Core\Lifetime\LifetimeScope.cs:line 360
   at Autofac.Util.Disposable.Dispose() in C:\projects\autofac\src\Autofac\Util\Disposable.cs:line 51
   at Microsoft.AspNetCore.Hosting.Internal.RequestServicesFeature.Dispose()
   at Microsoft.AspNetCore.Http.HttpResponse.<>c.<.cctor>b__30_1(Object disposable)
   at Microsoft.AspNetCore.Server.Kestrel.Core.Internal.Http.HttpProtocol.FireOnCompletedAwaited(Stack`1 onCompleted)
2020-06-12 15:40:21.728 +05:30 [Information] EmployeeController --> AllEmployeeDetails--> Method Start
2020-06-12 15:40:21.739 +05:30 [Information] DelegateRequest(EmployeeRequest) --> Start with Web.API.Core.RequestResponse.Request.EmployeeRequest
2020-06-12 15:40:21.753 +05:30 [Information] DelegateRequest(EmployeeRequest)-->GetEmployeeDetails--> Method Start
2020-06-12 15:40:21.802 +05:30 [Information] DelegateRequest(EmployeeRequest)-->GetEmployeeDetails--> Method End
2020-06-12 15:40:21.836 +05:30 [Information] DelegateRequest(EmployeeRequest) --> End with Web.API.Core.RequestResponse.Response.EmployeeResponse
2020-06-12 15:40:26.845 +05:30 [Information] EmployeeController --> AllEmployeeDetails--> Method End
2020-06-12 15:40:27.048 +05:30 [Error] Connection id ""0HM0EK412KT2H"", Request id ""0HM0EK412KT2H:00000003"": An unhandled exception was thrown by the application.
System.NotImplementedException: The method or operation is not implemented.
   at Web.API.Infrastructure.Repository.GenericRepository`1.Dispose() in F:\MVC\CleanArchitectureAPI\CleanArchitectureAPI\Web.API.Infrastructure\Repository\GenericRepository.cs:line 43
   at Autofac.Core.Disposer.Dispose(Boolean disposing) in C:\projects\autofac\src\Autofac\Core\Disposer.cs:line 55
   at Autofac.Util.Disposable.Dispose() in C:\projects\autofac\src\Autofac\Util\Disposable.cs:line 51
   at Autofac.Core.Lifetime.LifetimeScope.Dispose(Boolean disposing) in C:\projects\autofac\src\Autofac\Core\Lifetime\LifetimeScope.cs:line 360
   at Autofac.Util.Disposable.Dispose() in C:\projects\autofac\src\Autofac\Util\Disposable.cs:line 51
   at Microsoft.AspNetCore.Hosting.Internal.RequestServicesFeature.Dispose()
   at Microsoft.AspNetCore.Http.HttpResponse.<>c.<.cctor>b__30_1(Object disposable)
   at Microsoft.AspNetCore.Server.Kestrel.Core.Internal.Http.HttpProtocol.FireOnCompletedAwaited(Stack`1 onCompleted)
2020-06-12 15:41:10.398 +05:30 [Information] EmployeeController --> AllEmployeeDetails--> Method Start
2020-06-12 15:41:10.447 +05:30 [Information] DelegateRequest(EmployeeRequest) --> Start with Web.API.Core.RequestResponse.Request.EmployeeRequest
2020-06-12 15:41:10.504 +05:30 [Information] DelegateRequest(EmployeeRequest)-->GetEmployeeDetails--> Method Start
2020-06-12 15:41:10.669 +05:30 [Information] DelegateRequest(EmployeeRequest)-->GetEmployeeDetails--> Method End
2020-06-12 15:41:10.755 +05:30 [Information] DelegateRequest(EmployeeRequest) --> End with Web.API.Core.RequestResponse.Response.EmployeeResponse
2020-06-12 15:41:16.241 +05:30 [Information] EmployeeController --> AllEmployeeDetails--> Method End
2020-06-12 15:41:16.592 +05:30 [Error] Connection id ""0HM0EK412KT2H"", Request id ""0HM0EK412KT2H:00000004"": An unhandled exception was thrown by the application.
System.NotImplementedException: The method or operation is not implemented.
   at Web.API.Infrastructure.Repository.GenericRepository`1.Dispose() in F:\MVC\CleanArchitectureAPI\CleanArchitectureAPI\Web.API.Infrastructure\Repository\GenericRepository.cs:line 43
   at Autofac.Core.Disposer.Dispose(Boolean disposing) in C:\projects\autofac\src\Autofac\Core\Disposer.cs:line 55
   at Autofac.Util.Disposable.Dispose() in C:\projects\autofac\src\Autofac\Util\Disposable.cs:line 51
   at Autofac.Core.Lifetime.LifetimeScope.Dispose(Boolean disposing) in C:\projects\autofac\src\Autofac\Core\Lifetime\LifetimeScope.cs:line 360
   at Autofac.Util.Disposable.Dispose() in C:\projects\autofac\src\Autofac\Util\Disposable.cs:line 51
   at Microsoft.AspNetCore.Hosting.Internal.RequestServicesFeature.Dispose()
   at Microsoft.AspNetCore.Http.HttpResponse.<>c.<.cctor>b__30_1(Object disposable)
   at Microsoft.AspNetCore.Server.Kestrel.Core.Internal.Http.HttpProtocol.FireOnCompletedAwaited(Stack`1 onCompleted)
2020-06-12 15:47:03.720 +05:30 [Information] EmployeeController --> AllEmployeeDetails--> Method Start
2020-06-12 15:47:03.787 +05:30 [Information] DelegateRequest(EmployeeRequest) --> Start with Web.API.Core.RequestResponse.Request.EmployeeRequest
2020-06-12 15:47:03.804 +05:30 [Information] DelegateRequest(EmployeeRequest)-->GetEmployeeDetails--> Method Start
2020-06-12 15:47:03.909 +05:30 [Information] DelegateRequest(EmployeeRequest)-->GetEmployeeDetails--> Method End
2020-06-12 15:47:03.936 +05:30 [Information] DelegateRequest(EmployeeRequest) --> End with Web.API.Core.RequestResponse.Response.EmployeeResponse
2020-06-12 15:47:08.960 +05:30 [Information] EmployeeController --> AllEmployeeDetails--> Method End
2020-06-12 15:47:09.158 +05:30 [Error] Connection id ""0HM0EK412KT2I"", Request id ""0HM0EK412KT2I:00000001"": An unhandled exception was thrown by the application.
System.NotImplementedException: The method or operation is not implemented.
   at Web.API.Infrastructure.Repository.GenericRepository`1.Dispose() in F:\MVC\CleanArchitectureAPI\CleanArchitectureAPI\Web.API.Infrastructure\Repository\GenericRepository.cs:line 43
   at Autofac.Core.Disposer.Dispose(Boolean disposing) in C:\projects\autofac\src\Autofac\Core\Disposer.cs:line 55
   at Autofac.Util.Disposable.Dispose() in C:\projects\autofac\src\Autofac\Util\Disposable.cs:line 51
   at Autofac.Core.Lifetime.LifetimeScope.Dispose(Boolean disposing) in C:\projects\autofac\src\Autofac\Core\Lifetime\LifetimeScope.cs:line 360
   at Autofac.Util.Disposable.Dispose() in C:\projects\autofac\src\Autofac\Util\Disposable.cs:line 51
   at Microsoft.AspNetCore.Hosting.Internal.RequestServicesFeature.Dispose()
   at Microsoft.AspNetCore.Http.HttpResponse.<>c.<.cctor>b__30_1(Object disposable)
   at Microsoft.AspNetCore.Server.Kestrel.Core.Internal.Http.HttpProtocol.FireOnCompletedAwaited(Stack`1 onCompleted)
