2020-06-24 12:04:45.968 +05:30 [Information] EmployeeController --> AllEmployeeDetails--> Method Start
2020-06-24 12:04:45.975 +05:30 [Information] DelegateRequest(EmployeeRequest) --> Start with Web.API.Core.RequestResponse.Request.EmployeeRequest
2020-06-24 12:04:45.987 +05:30 [Information] DelegateRequest(EmployeeRequest)-->GetEmployeeDetails--> Method Start
2020-06-24 12:04:46.135 +05:30 [Information] DelegateRequest(EmployeeRequest)-->GetEmployeeDetails--> Method End
2020-06-24 12:04:46.141 +05:30 [Information] DelegateRequest(EmployeeRequest) --> End with Web.API.Core.RequestResponse.Response.EmployeeResponse
2020-06-24 12:04:46.147 +05:30 [Information] EmployeeController --> AllEmployeeDetails--> Method End
2020-06-24 12:04:47.224 +05:30 [Error] Connection id ""0HM0NAU6NMGNG"", Request id ""0HM0NAU6NMGNG:00000001"": An unhandled exception was thrown by the application.
System.NotImplementedException: The method or operation is not implemented.
   at Web.API.Infrastructure.Repository.GenericRepository`1.Dispose() in F:\MVC\CleanArchitectureAPI\CleanArchitectureAPI\Web.API.Infrastructure\Repository\GenericRepository.cs:line 43
   at Autofac.Core.Disposer.Dispose(Boolean disposing) in C:\projects\autofac\src\Autofac\Core\Disposer.cs:line 55
   at Autofac.Util.Disposable.Dispose() in C:\projects\autofac\src\Autofac\Util\Disposable.cs:line 51
   at Autofac.Core.Lifetime.LifetimeScope.Dispose(Boolean disposing) in C:\projects\autofac\src\Autofac\Core\Lifetime\LifetimeScope.cs:line 360
   at Autofac.Util.Disposable.Dispose() in C:\projects\autofac\src\Autofac\Util\Disposable.cs:line 51
   at Microsoft.AspNetCore.Hosting.Internal.RequestServicesFeature.Dispose()
   at Microsoft.AspNetCore.Http.HttpResponse.<>c.<.cctor>b__30_1(Object disposable)
   at Microsoft.AspNetCore.Server.Kestrel.Core.Internal.Http.HttpProtocol.FireOnCompletedAwaited(Stack`1 onCompleted)
2020-06-24 12:07:02.689 +05:30 [Information] EmployeeController --> AllEmployeeDetails--> Method Start
2020-06-24 12:07:02.699 +05:30 [Information] DelegateRequest(EmployeeRequest) --> Start with Web.API.Core.RequestResponse.Request.EmployeeRequest
2020-06-24 12:07:02.707 +05:30 [Information] DelegateRequest(EmployeeRequest)-->GetEmployeeDetails--> Method Start
2020-06-24 12:07:02.740 +05:30 [Information] DelegateRequest(EmployeeRequest)-->GetEmployeeDetails--> Method End
2020-06-24 12:07:02.745 +05:30 [Information] DelegateRequest(EmployeeRequest) --> End with Web.API.Core.RequestResponse.Response.EmployeeResponse
2020-06-24 12:07:02.749 +05:30 [Information] EmployeeController --> AllEmployeeDetails--> Method End
2020-06-24 12:07:02.852 +05:30 [Error] Connection id ""0HM0NAU6NMGNH"", Request id ""0HM0NAU6NMGNH:00000001"": An unhandled exception was thrown by the application.
System.NotImplementedException: The method or operation is not implemented.
   at Web.API.Infrastructure.Repository.GenericRepository`1.Dispose() in F:\MVC\CleanArchitectureAPI\CleanArchitectureAPI\Web.API.Infrastructure\Repository\GenericRepository.cs:line 43
   at Autofac.Core.Disposer.Dispose(Boolean disposing) in C:\projects\autofac\src\Autofac\Core\Disposer.cs:line 55
   at Autofac.Util.Disposable.Dispose() in C:\projects\autofac\src\Autofac\Util\Disposable.cs:line 51
   at Autofac.Core.Lifetime.LifetimeScope.Dispose(Boolean disposing) in C:\projects\autofac\src\Autofac\Core\Lifetime\LifetimeScope.cs:line 360
   at Autofac.Util.Disposable.Dispose() in C:\projects\autofac\src\Autofac\Util\Disposable.cs:line 51
   at Microsoft.AspNetCore.Hosting.Internal.RequestServicesFeature.Dispose()
   at Microsoft.AspNetCore.Http.HttpResponse.<>c.<.cctor>b__30_1(Object disposable)
   at Microsoft.AspNetCore.Server.Kestrel.Core.Internal.Http.HttpProtocol.FireOnCompletedAwaited(Stack`1 onCompleted)
2020-06-24 12:07:04.812 +05:30 [Information] EmployeeController --> AllEmployeeDetails--> Method Start
2020-06-24 12:07:04.837 +05:30 [Information] DelegateRequest(EmployeeRequest) --> Start with Web.API.Core.RequestResponse.Request.EmployeeRequest
2020-06-24 12:07:04.844 +05:30 [Information] DelegateRequest(EmployeeRequest)-->GetEmployeeDetails--> Method Start
2020-06-24 12:07:04.871 +05:30 [Information] DelegateRequest(EmployeeRequest)-->GetEmployeeDetails--> Method End
2020-06-24 12:07:04.876 +05:30 [Information] DelegateRequest(EmployeeRequest) --> End with Web.API.Core.RequestResponse.Response.EmployeeResponse
2020-06-24 12:07:04.881 +05:30 [Information] EmployeeController --> AllEmployeeDetails--> Method End
2020-06-24 12:07:05.014 +05:30 [Error] Connection id ""0HM0NAU6NMGNH"", Request id ""0HM0NAU6NMGNH:00000002"": An unhandled exception was thrown by the application.
System.NotImplementedException: The method or operation is not implemented.
   at Web.API.Infrastructure.Repository.GenericRepository`1.Dispose() in F:\MVC\CleanArchitectureAPI\CleanArchitectureAPI\Web.API.Infrastructure\Repository\GenericRepository.cs:line 43
   at Autofac.Core.Disposer.Dispose(Boolean disposing) in C:\projects\autofac\src\Autofac\Core\Disposer.cs:line 55
   at Autofac.Util.Disposable.Dispose() in C:\projects\autofac\src\Autofac\Util\Disposable.cs:line 51
   at Autofac.Core.Lifetime.LifetimeScope.Dispose(Boolean disposing) in C:\projects\autofac\src\Autofac\Core\Lifetime\LifetimeScope.cs:line 360
   at Autofac.Util.Disposable.Dispose() in C:\projects\autofac\src\Autofac\Util\Disposable.cs:line 51
   at Microsoft.AspNetCore.Hosting.Internal.RequestServicesFeature.Dispose()
   at Microsoft.AspNetCore.Http.HttpResponse.<>c.<.cctor>b__30_1(Object disposable)
   at Microsoft.AspNetCore.Server.Kestrel.Core.Internal.Http.HttpProtocol.FireOnCompletedAwaited(Stack`1 onCompleted)
2020-06-24 12:23:40.899 +05:30 [Information] EmployeeController --> AllEmployeeDetails--> Method Start
2020-06-24 12:23:40.902 +05:30 [Information] DelegateRequest(EmployeeRequest) --> Start with Web.API.Core.RequestResponse.Request.EmployeeRequest
2020-06-24 12:23:40.906 +05:30 [Information] DelegateRequest(EmployeeRequest)-->GetEmployeeDetails--> Method Start
2020-06-24 12:23:40.968 +05:30 [Information] DelegateRequest(EmployeeRequest)-->GetEmployeeDetails--> Method End
2020-06-24 12:23:40.972 +05:30 [Information] DelegateRequest(EmployeeRequest) --> End with Web.API.Core.RequestResponse.Response.EmployeeResponse
2020-06-24 12:23:40.975 +05:30 [Information] EmployeeController --> AllEmployeeDetails--> Method End
2020-06-24 12:23:41.123 +05:30 [Error] Connection id ""0HM0NAU6NMGNI"", Request id ""0HM0NAU6NMGNI:00000002"": An unhandled exception was thrown by the application.
System.NotImplementedException: The method or operation is not implemented.
   at Web.API.Infrastructure.Repository.GenericRepository`1.Dispose() in F:\MVC\CleanArchitectureAPI\CleanArchitectureAPI\Web.API.Infrastructure\Repository\GenericRepository.cs:line 43
   at Autofac.Core.Disposer.Dispose(Boolean disposing) in C:\projects\autofac\src\Autofac\Core\Disposer.cs:line 55
   at Autofac.Util.Disposable.Dispose() in C:\projects\autofac\src\Autofac\Util\Disposable.cs:line 51
   at Autofac.Core.Lifetime.LifetimeScope.Dispose(Boolean disposing) in C:\projects\autofac\src\Autofac\Core\Lifetime\LifetimeScope.cs:line 360
   at Autofac.Util.Disposable.Dispose() in C:\projects\autofac\src\Autofac\Util\Disposable.cs:line 51
   at Microsoft.AspNetCore.Hosting.Internal.RequestServicesFeature.Dispose()
   at Microsoft.AspNetCore.Http.HttpResponse.<>c.<.cctor>b__30_1(Object disposable)
   at Microsoft.AspNetCore.Server.Kestrel.Core.Internal.Http.HttpProtocol.FireOnCompletedAwaited(Stack`1 onCompleted)
2020-06-24 12:23:59.870 +05:30 [Information] EmployeeController --> AllEmployeeDetails--> Method Start
2020-06-24 12:23:59.874 +05:30 [Information] DelegateRequest(EmployeeRequest) --> Start with Web.API.Core.RequestResponse.Request.EmployeeRequest
2020-06-24 12:23:59.878 +05:30 [Information] DelegateRequest(EmployeeRequest)-->GetEmployeeDetails--> Method Start
2020-06-24 12:23:59.918 +05:30 [Information] DelegateRequest(EmployeeRequest)-->GetEmployeeDetails--> Method End
2020-06-24 12:23:59.921 +05:30 [Information] DelegateRequest(EmployeeRequest) --> End with Web.API.Core.RequestResponse.Response.EmployeeResponse
2020-06-24 12:23:59.926 +05:30 [Information] EmployeeController --> AllEmployeeDetails--> Method End
2020-06-24 12:24:00.091 +05:30 [Error] Connection id ""0HM0NAU6NMGNI"", Request id ""0HM0NAU6NMGNI:00000003"": An unhandled exception was thrown by the application.
System.NotImplementedException: The method or operation is not implemented.
   at Web.API.Infrastructure.Repository.GenericRepository`1.Dispose() in F:\MVC\CleanArchitectureAPI\CleanArchitectureAPI\Web.API.Infrastructure\Repository\GenericRepository.cs:line 43
   at Autofac.Core.Disposer.Dispose(Boolean disposing) in C:\projects\autofac\src\Autofac\Core\Disposer.cs:line 55
   at Autofac.Util.Disposable.Dispose() in C:\projects\autofac\src\Autofac\Util\Disposable.cs:line 51
   at Autofac.Core.Lifetime.LifetimeScope.Dispose(Boolean disposing) in C:\projects\autofac\src\Autofac\Core\Lifetime\LifetimeScope.cs:line 360
   at Autofac.Util.Disposable.Dispose() in C:\projects\autofac\src\Autofac\Util\Disposable.cs:line 51
   at Microsoft.AspNetCore.Hosting.Internal.RequestServicesFeature.Dispose()
   at Microsoft.AspNetCore.Http.HttpResponse.<>c.<.cctor>b__30_1(Object disposable)
   at Microsoft.AspNetCore.Server.Kestrel.Core.Internal.Http.HttpProtocol.FireOnCompletedAwaited(Stack`1 onCompleted)
2020-06-24 12:24:04.513 +05:30 [Information] EmployeeController --> AllEmployeeDetails--> Method Start
2020-06-24 12:24:04.528 +05:30 [Information] DelegateRequest(EmployeeRequest) --> Start with Web.API.Core.RequestResponse.Request.EmployeeRequest
2020-06-24 12:24:04.537 +05:30 [Information] DelegateRequest(EmployeeRequest)-->GetEmployeeDetails--> Method Start
2020-06-24 12:24:04.558 +05:30 [Information] DelegateRequest(EmployeeRequest)-->GetEmployeeDetails--> Method End
2020-06-24 12:24:04.564 +05:30 [Information] DelegateRequest(EmployeeRequest) --> End with Web.API.Core.RequestResponse.Response.EmployeeResponse
2020-06-24 12:24:04.570 +05:30 [Information] EmployeeController --> AllEmployeeDetails--> Method End
2020-06-24 12:24:04.680 +05:30 [Error] Connection id ""0HM0NAU6NMGNI"", Request id ""0HM0NAU6NMGNI:00000004"": An unhandled exception was thrown by the application.
System.NotImplementedException: The method or operation is not implemented.
   at Web.API.Infrastructure.Repository.GenericRepository`1.Dispose() in F:\MVC\CleanArchitectureAPI\CleanArchitectureAPI\Web.API.Infrastructure\Repository\GenericRepository.cs:line 43
   at Autofac.Core.Disposer.Dispose(Boolean disposing) in C:\projects\autofac\src\Autofac\Core\Disposer.cs:line 55
   at Autofac.Util.Disposable.Dispose() in C:\projects\autofac\src\Autofac\Util\Disposable.cs:line 51
   at Autofac.Core.Lifetime.LifetimeScope.Dispose(Boolean disposing) in C:\projects\autofac\src\Autofac\Core\Lifetime\LifetimeScope.cs:line 360
   at Autofac.Util.Disposable.Dispose() in C:\projects\autofac\src\Autofac\Util\Disposable.cs:line 51
   at Microsoft.AspNetCore.Hosting.Internal.RequestServicesFeature.Dispose()
   at Microsoft.AspNetCore.Http.HttpResponse.<>c.<.cctor>b__30_1(Object disposable)
   at Microsoft.AspNetCore.Server.Kestrel.Core.Internal.Http.HttpProtocol.FireOnCompletedAwaited(Stack`1 onCompleted)
2020-06-24 12:30:33.723 +05:30 [Information] EmployeeController --> GetEmployeeDetailsById--> Method Start
2020-06-24 12:30:33.737 +05:30 [Information] DelegateRequest(EmployeeRequest) --> Start with Web.API.Core.RequestResponse.Request.EmployeeRequest
2020-06-24 12:30:33.743 +05:30 [Information] DelegateRequest(EmployeeRequest)--> SelectById
2020-06-24 12:30:33.890 +05:30 [Information] DelegateRequest(EmployeeRequest) --> End with Web.API.Core.RequestResponse.Response.EmployeeResponse
2020-06-24 12:30:33.895 +05:30 [Information] EmployeeController --> GetEmployeeDetailsById--> Method End
2020-06-24 12:30:33.999 +05:30 [Error] Connection id ""0HM0NAU6NMGNJ"", Request id ""0HM0NAU6NMGNJ:00000001"": An unhandled exception was thrown by the application.
System.NotImplementedException: The method or operation is not implemented.
   at Web.API.Infrastructure.Repository.GenericRepository`1.Dispose() in F:\MVC\CleanArchitectureAPI\CleanArchitectureAPI\Web.API.Infrastructure\Repository\GenericRepository.cs:line 43
   at Autofac.Core.Disposer.Dispose(Boolean disposing) in C:\projects\autofac\src\Autofac\Core\Disposer.cs:line 55
   at Autofac.Util.Disposable.Dispose() in C:\projects\autofac\src\Autofac\Util\Disposable.cs:line 51
   at Autofac.Core.Lifetime.LifetimeScope.Dispose(Boolean disposing) in C:\projects\autofac\src\Autofac\Core\Lifetime\LifetimeScope.cs:line 360
   at Autofac.Util.Disposable.Dispose() in C:\projects\autofac\src\Autofac\Util\Disposable.cs:line 51
   at Microsoft.AspNetCore.Hosting.Internal.RequestServicesFeature.Dispose()
   at Microsoft.AspNetCore.Http.HttpResponse.<>c.<.cctor>b__30_1(Object disposable)
   at Microsoft.AspNetCore.Server.Kestrel.Core.Internal.Http.HttpProtocol.FireOnCompletedAwaited(Stack`1 onCompleted)
2020-06-24 12:30:36.091 +05:30 [Information] EmployeeController --> GetEmployeeDetailsById--> Method Start
2020-06-24 12:30:36.095 +05:30 [Information] DelegateRequest(EmployeeRequest) --> Start with Web.API.Core.RequestResponse.Request.EmployeeRequest
2020-06-24 12:30:36.102 +05:30 [Information] DelegateRequest(EmployeeRequest)--> SelectById
2020-06-24 12:30:36.116 +05:30 [Information] DelegateRequest(EmployeeRequest) --> End with Web.API.Core.RequestResponse.Response.EmployeeResponse
2020-06-24 12:30:36.121 +05:30 [Information] EmployeeController --> GetEmployeeDetailsById--> Method End
2020-06-24 12:30:36.200 +05:30 [Error] Connection id ""0HM0NAU6NMGNJ"", Request id ""0HM0NAU6NMGNJ:00000002"": An unhandled exception was thrown by the application.
System.NotImplementedException: The method or operation is not implemented.
   at Web.API.Infrastructure.Repository.GenericRepository`1.Dispose() in F:\MVC\CleanArchitectureAPI\CleanArchitectureAPI\Web.API.Infrastructure\Repository\GenericRepository.cs:line 43
   at Autofac.Core.Disposer.Dispose(Boolean disposing) in C:\projects\autofac\src\Autofac\Core\Disposer.cs:line 55
   at Autofac.Util.Disposable.Dispose() in C:\projects\autofac\src\Autofac\Util\Disposable.cs:line 51
   at Autofac.Core.Lifetime.LifetimeScope.Dispose(Boolean disposing) in C:\projects\autofac\src\Autofac\Core\Lifetime\LifetimeScope.cs:line 360
   at Autofac.Util.Disposable.Dispose() in C:\projects\autofac\src\Autofac\Util\Disposable.cs:line 51
   at Microsoft.AspNetCore.Hosting.Internal.RequestServicesFeature.Dispose()
   at Microsoft.AspNetCore.Http.HttpResponse.<>c.<.cctor>b__30_1(Object disposable)
   at Microsoft.AspNetCore.Server.Kestrel.Core.Internal.Http.HttpProtocol.FireOnCompletedAwaited(Stack`1 onCompleted)
2020-06-24 12:30:45.091 +05:30 [Information] EmployeeController --> AllEmployeeDetails--> Method Start
2020-06-24 12:30:45.095 +05:30 [Information] DelegateRequest(EmployeeRequest) --> Start with Web.API.Core.RequestResponse.Request.EmployeeRequest
2020-06-24 12:30:45.100 +05:30 [Information] DelegateRequest(EmployeeRequest)-->GetEmployeeDetails--> Method Start
2020-06-24 12:30:45.158 +05:30 [Information] DelegateRequest(EmployeeRequest)-->GetEmployeeDetails--> Method End
2020-06-24 12:30:45.161 +05:30 [Information] DelegateRequest(EmployeeRequest) --> End with Web.API.Core.RequestResponse.Response.EmployeeResponse
2020-06-24 12:30:45.165 +05:30 [Information] EmployeeController --> AllEmployeeDetails--> Method End
2020-06-24 12:30:45.308 +05:30 [Error] Connection id ""0HM0NAU6NMGNJ"", Request id ""0HM0NAU6NMGNJ:00000003"": An unhandled exception was thrown by the application.
System.NotImplementedException: The method or operation is not implemented.
   at Web.API.Infrastructure.Repository.GenericRepository`1.Dispose() in F:\MVC\CleanArchitectureAPI\CleanArchitectureAPI\Web.API.Infrastructure\Repository\GenericRepository.cs:line 43
   at Autofac.Core.Disposer.Dispose(Boolean disposing) in C:\projects\autofac\src\Autofac\Core\Disposer.cs:line 55
   at Autofac.Util.Disposable.Dispose() in C:\projects\autofac\src\Autofac\Util\Disposable.cs:line 51
   at Autofac.Core.Lifetime.LifetimeScope.Dispose(Boolean disposing) in C:\projects\autofac\src\Autofac\Core\Lifetime\LifetimeScope.cs:line 360
   at Autofac.Util.Disposable.Dispose() in C:\projects\autofac\src\Autofac\Util\Disposable.cs:line 51
   at Microsoft.AspNetCore.Hosting.Internal.RequestServicesFeature.Dispose()
   at Microsoft.AspNetCore.Http.HttpResponse.<>c.<.cctor>b__30_1(Object disposable)
   at Microsoft.AspNetCore.Server.Kestrel.Core.Internal.Http.HttpProtocol.FireOnCompletedAwaited(Stack`1 onCompleted)
2020-06-24 12:30:47.765 +05:30 [Information] EmployeeController --> AllEmployeeDetails--> Method Start
2020-06-24 12:30:47.770 +05:30 [Information] DelegateRequest(EmployeeRequest) --> Start with Web.API.Core.RequestResponse.Request.EmployeeRequest
2020-06-24 12:30:47.777 +05:30 [Information] DelegateRequest(EmployeeRequest)-->GetEmployeeDetails--> Method Start
2020-06-24 12:30:47.800 +05:30 [Information] DelegateRequest(EmployeeRequest)-->GetEmployeeDetails--> Method End
2020-06-24 12:30:47.805 +05:30 [Information] DelegateRequest(EmployeeRequest) --> End with Web.API.Core.RequestResponse.Response.EmployeeResponse
2020-06-24 12:30:47.813 +05:30 [Information] EmployeeController --> AllEmployeeDetails--> Method End
2020-06-24 12:30:47.892 +05:30 [Error] Connection id ""0HM0NAU6NMGNJ"", Request id ""0HM0NAU6NMGNJ:00000004"": An unhandled exception was thrown by the application.
System.NotImplementedException: The method or operation is not implemented.
   at Web.API.Infrastructure.Repository.GenericRepository`1.Dispose() in F:\MVC\CleanArchitectureAPI\CleanArchitectureAPI\Web.API.Infrastructure\Repository\GenericRepository.cs:line 43
   at Autofac.Core.Disposer.Dispose(Boolean disposing) in C:\projects\autofac\src\Autofac\Core\Disposer.cs:line 55
   at Autofac.Util.Disposable.Dispose() in C:\projects\autofac\src\Autofac\Util\Disposable.cs:line 51
   at Autofac.Core.Lifetime.LifetimeScope.Dispose(Boolean disposing) in C:\projects\autofac\src\Autofac\Core\Lifetime\LifetimeScope.cs:line 360
   at Autofac.Util.Disposable.Dispose() in C:\projects\autofac\src\Autofac\Util\Disposable.cs:line 51
   at Microsoft.AspNetCore.Hosting.Internal.RequestServicesFeature.Dispose()
   at Microsoft.AspNetCore.Http.HttpResponse.<>c.<.cctor>b__30_1(Object disposable)
   at Microsoft.AspNetCore.Server.Kestrel.Core.Internal.Http.HttpProtocol.FireOnCompletedAwaited(Stack`1 onCompleted)
2020-06-24 13:02:33.675 +05:30 [Information] EmployeeController --> AllEmployeeDetails--> Method Start
2020-06-24 13:02:33.679 +05:30 [Information] DelegateRequest(EmployeeRequest) --> Start with Web.API.Core.RequestResponse.Request.EmployeeRequest
2020-06-24 13:02:33.684 +05:30 [Information] DelegateRequest(EmployeeRequest)-->GetEmployeeDetails--> Method Start
2020-06-24 13:02:33.732 +05:30 [Information] DelegateRequest(EmployeeRequest)-->GetEmployeeDetails--> Method End
2020-06-24 13:02:33.736 +05:30 [Information] DelegateRequest(EmployeeRequest) --> End with Web.API.Core.RequestResponse.Response.EmployeeResponse
2020-06-24 13:02:33.739 +05:30 [Information] EmployeeController --> AllEmployeeDetails--> Method End
2020-06-24 13:02:33.858 +05:30 [Error] Connection id ""0HM0NAU6NMGNK"", Request id ""0HM0NAU6NMGNK:00000001"": An unhandled exception was thrown by the application.
System.NotImplementedException: The method or operation is not implemented.
   at Web.API.Infrastructure.Repository.GenericRepository`1.Dispose() in F:\MVC\CleanArchitectureAPI\CleanArchitectureAPI\Web.API.Infrastructure\Repository\GenericRepository.cs:line 43
   at Autofac.Core.Disposer.Dispose(Boolean disposing) in C:\projects\autofac\src\Autofac\Core\Disposer.cs:line 55
   at Autofac.Util.Disposable.Dispose() in C:\projects\autofac\src\Autofac\Util\Disposable.cs:line 51
   at Autofac.Core.Lifetime.LifetimeScope.Dispose(Boolean disposing) in C:\projects\autofac\src\Autofac\Core\Lifetime\LifetimeScope.cs:line 360
   at Autofac.Util.Disposable.Dispose() in C:\projects\autofac\src\Autofac\Util\Disposable.cs:line 51
   at Microsoft.AspNetCore.Hosting.Internal.RequestServicesFeature.Dispose()
   at Microsoft.AspNetCore.Http.HttpResponse.<>c.<.cctor>b__30_1(Object disposable)
   at Microsoft.AspNetCore.Server.Kestrel.Core.Internal.Http.HttpProtocol.FireOnCompletedAwaited(Stack`1 onCompleted)
2020-06-24 16:22:27.781 +05:30 [Information] EmployeeController --> AllEmployeeDetails--> Method Start
2020-06-24 16:22:27.785 +05:30 [Information] DelegateRequest(EmployeeRequest) --> Start with Web.API.Core.RequestResponse.Request.EmployeeRequest
2020-06-24 16:22:27.788 +05:30 [Information] DelegateRequest(EmployeeRequest)-->GetEmployeeDetails--> Method Start
2020-06-24 16:22:27.855 +05:30 [Information] DelegateRequest(EmployeeRequest)-->GetEmployeeDetails--> Method End
2020-06-24 16:22:27.858 +05:30 [Information] DelegateRequest(EmployeeRequest) --> End with Web.API.Core.RequestResponse.Response.EmployeeResponse
2020-06-24 16:22:27.861 +05:30 [Information] EmployeeController --> AllEmployeeDetails--> Method End
2020-06-24 16:22:28.067 +05:30 [Error] Connection id ""0HM0NAU6NMGNL"", Request id ""0HM0NAU6NMGNL:00000001"": An unhandled exception was thrown by the application.
System.NotImplementedException: The method or operation is not implemented.
   at Web.API.Infrastructure.Repository.GenericRepository`1.Dispose() in F:\MVC\CleanArchitectureAPI\CleanArchitectureAPI\Web.API.Infrastructure\Repository\GenericRepository.cs:line 43
   at Autofac.Core.Disposer.Dispose(Boolean disposing) in C:\projects\autofac\src\Autofac\Core\Disposer.cs:line 55
   at Autofac.Util.Disposable.Dispose() in C:\projects\autofac\src\Autofac\Util\Disposable.cs:line 51
   at Autofac.Core.Lifetime.LifetimeScope.Dispose(Boolean disposing) in C:\projects\autofac\src\Autofac\Core\Lifetime\LifetimeScope.cs:line 360
   at Autofac.Util.Disposable.Dispose() in C:\projects\autofac\src\Autofac\Util\Disposable.cs:line 51
   at Microsoft.AspNetCore.Hosting.Internal.RequestServicesFeature.Dispose()
   at Microsoft.AspNetCore.Http.HttpResponse.<>c.<.cctor>b__30_1(Object disposable)
   at Microsoft.AspNetCore.Server.Kestrel.Core.Internal.Http.HttpProtocol.FireOnCompletedAwaited(Stack`1 onCompleted)
