2020-06-08 14:02:47.614 +05:30 [Information] EmployeeController --> AllEmployeeDetails--> Method Start
2020-06-08 14:02:48.124 +05:30 [Information] DelegateRequest(EmployeeRequest) --> Start with Web.API.Core.RequestResponse.Request.EmployeeRequest
2020-06-08 14:02:48.205 +05:30 [Information] DelegateRequest(EmployeeRequest)-->GetEmployeeDetails--> Method Start
2020-06-08 14:03:06.500 +05:30 [Information] DelegateRequest(EmployeeRequest)-->GetEmployeeDetails--> Method End
2020-06-08 14:03:06.506 +05:30 [Information] DelegateRequest(EmployeeRequest) --> End with Web.API.Core.RequestResponse.Response.EmployeeResponse
2020-06-08 14:03:06.510 +05:30 [Information] EmployeeController --> AllEmployeeDetails--> Method End
2020-06-08 14:03:10.929 +05:30 [Error] Connection id ""0HM0BFH64HPII"", Request id ""0HM0BFH64HPII:00000001"": An unhandled exception was thrown by the application.
System.NotImplementedException: The method or operation is not implemented.
   at Web.API.Infrastructure.Repository.GenericRepository`1.Dispose() in F:\MVC\CleanArchitectureAPI\CleanArchitectureAPI\Web.API.Infrastructure\Repository\GenericRepository.cs:line 43
   at Autofac.Core.Disposer.Dispose(Boolean disposing) in C:\projects\autofac\src\Autofac\Core\Disposer.cs:line 55
   at Autofac.Util.Disposable.Dispose() in C:\projects\autofac\src\Autofac\Util\Disposable.cs:line 51
   at Autofac.Core.Lifetime.LifetimeScope.Dispose(Boolean disposing) in C:\projects\autofac\src\Autofac\Core\Lifetime\LifetimeScope.cs:line 360
   at Autofac.Util.Disposable.Dispose() in C:\projects\autofac\src\Autofac\Util\Disposable.cs:line 51
   at Microsoft.AspNetCore.Hosting.Internal.RequestServicesFeature.Dispose()
   at Microsoft.AspNetCore.Http.HttpResponse.<>c.<.cctor>b__30_1(Object disposable)
   at Microsoft.AspNetCore.Server.Kestrel.Core.Internal.Http.HttpProtocol.FireOnCompletedAwaited(Stack`1 onCompleted)
2020-06-08 14:10:08.302 +05:30 [Information] EmployeeController --> GetEmployeeDetailsById--> Method Start
2020-06-08 14:10:08.305 +05:30 [Information] DelegateRequest(EmployeeRequest) --> Start with Web.API.Core.RequestResponse.Request.EmployeeRequest
2020-06-08 14:10:08.307 +05:30 [Information] DelegateRequest(EmployeeRequest)--> SelectById
2020-06-08 14:10:08.531 +05:30 [Information] DelegateRequest(EmployeeRequest) --> End with Web.API.Core.RequestResponse.Response.EmployeeResponse
2020-06-08 14:10:08.534 +05:30 [Information] EmployeeController --> GetEmployeeDetailsById--> Method End
2020-06-08 14:10:08.577 +05:30 [Error] Connection id ""0HM0BFH64HPIJ"", Request id ""0HM0BFH64HPIJ:00000001"": An unhandled exception was thrown by the application.
System.NotImplementedException: The method or operation is not implemented.
   at Web.API.Infrastructure.Repository.GenericRepository`1.Dispose() in F:\MVC\CleanArchitectureAPI\CleanArchitectureAPI\Web.API.Infrastructure\Repository\GenericRepository.cs:line 43
   at Autofac.Core.Disposer.Dispose(Boolean disposing) in C:\projects\autofac\src\Autofac\Core\Disposer.cs:line 55
   at Autofac.Util.Disposable.Dispose() in C:\projects\autofac\src\Autofac\Util\Disposable.cs:line 51
   at Autofac.Core.Lifetime.LifetimeScope.Dispose(Boolean disposing) in C:\projects\autofac\src\Autofac\Core\Lifetime\LifetimeScope.cs:line 360
   at Autofac.Util.Disposable.Dispose() in C:\projects\autofac\src\Autofac\Util\Disposable.cs:line 51
   at Microsoft.AspNetCore.Hosting.Internal.RequestServicesFeature.Dispose()
   at Microsoft.AspNetCore.Http.HttpResponse.<>c.<.cctor>b__30_1(Object disposable)
   at Microsoft.AspNetCore.Server.Kestrel.Core.Internal.Http.HttpProtocol.FireOnCompletedAwaited(Stack`1 onCompleted)
2020-06-08 14:10:10.824 +05:30 [Information] EmployeeController --> GetEmployeeDetailsById--> Method Start
2020-06-08 14:10:10.826 +05:30 [Information] DelegateRequest(EmployeeRequest) --> Start with Web.API.Core.RequestResponse.Request.EmployeeRequest
2020-06-08 14:10:10.830 +05:30 [Information] DelegateRequest(EmployeeRequest)--> SelectById
2020-06-08 14:10:10.898 +05:30 [Information] DelegateRequest(EmployeeRequest) --> End with Web.API.Core.RequestResponse.Response.EmployeeResponse
2020-06-08 14:10:10.961 +05:30 [Information] EmployeeController --> GetEmployeeDetailsById--> Method End
2020-06-08 14:10:11.057 +05:30 [Error] Connection id ""0HM0BFH64HPIJ"", Request id ""0HM0BFH64HPIJ:00000002"": An unhandled exception was thrown by the application.
System.NotImplementedException: The method or operation is not implemented.
   at Web.API.Infrastructure.Repository.GenericRepository`1.Dispose() in F:\MVC\CleanArchitectureAPI\CleanArchitectureAPI\Web.API.Infrastructure\Repository\GenericRepository.cs:line 43
   at Autofac.Core.Disposer.Dispose(Boolean disposing) in C:\projects\autofac\src\Autofac\Core\Disposer.cs:line 55
   at Autofac.Util.Disposable.Dispose() in C:\projects\autofac\src\Autofac\Util\Disposable.cs:line 51
   at Autofac.Core.Lifetime.LifetimeScope.Dispose(Boolean disposing) in C:\projects\autofac\src\Autofac\Core\Lifetime\LifetimeScope.cs:line 360
   at Autofac.Util.Disposable.Dispose() in C:\projects\autofac\src\Autofac\Util\Disposable.cs:line 51
   at Microsoft.AspNetCore.Hosting.Internal.RequestServicesFeature.Dispose()
   at Microsoft.AspNetCore.Http.HttpResponse.<>c.<.cctor>b__30_1(Object disposable)
   at Microsoft.AspNetCore.Server.Kestrel.Core.Internal.Http.HttpProtocol.FireOnCompletedAwaited(Stack`1 onCompleted)
2020-06-08 14:10:12.379 +05:30 [Information] EmployeeController --> GetEmployeeDetailsById--> Method Start
2020-06-08 14:10:12.386 +05:30 [Information] DelegateRequest(EmployeeRequest) --> Start with Web.API.Core.RequestResponse.Request.EmployeeRequest
2020-06-08 14:10:12.392 +05:30 [Information] DelegateRequest(EmployeeRequest)--> SelectById
2020-06-08 14:10:12.406 +05:30 [Information] DelegateRequest(EmployeeRequest) --> End with Web.API.Core.RequestResponse.Response.EmployeeResponse
2020-06-08 14:10:12.409 +05:30 [Information] EmployeeController --> GetEmployeeDetailsById--> Method End
2020-06-08 14:10:12.490 +05:30 [Error] Connection id ""0HM0BFH64HPIJ"", Request id ""0HM0BFH64HPIJ:00000003"": An unhandled exception was thrown by the application.
System.NotImplementedException: The method or operation is not implemented.
   at Web.API.Infrastructure.Repository.GenericRepository`1.Dispose() in F:\MVC\CleanArchitectureAPI\CleanArchitectureAPI\Web.API.Infrastructure\Repository\GenericRepository.cs:line 43
   at Autofac.Core.Disposer.Dispose(Boolean disposing) in C:\projects\autofac\src\Autofac\Core\Disposer.cs:line 55
   at Autofac.Util.Disposable.Dispose() in C:\projects\autofac\src\Autofac\Util\Disposable.cs:line 51
   at Autofac.Core.Lifetime.LifetimeScope.Dispose(Boolean disposing) in C:\projects\autofac\src\Autofac\Core\Lifetime\LifetimeScope.cs:line 360
   at Autofac.Util.Disposable.Dispose() in C:\projects\autofac\src\Autofac\Util\Disposable.cs:line 51
   at Microsoft.AspNetCore.Hosting.Internal.RequestServicesFeature.Dispose()
   at Microsoft.AspNetCore.Http.HttpResponse.<>c.<.cctor>b__30_1(Object disposable)
   at Microsoft.AspNetCore.Server.Kestrel.Core.Internal.Http.HttpProtocol.FireOnCompletedAwaited(Stack`1 onCompleted)
2020-06-08 14:10:13.347 +05:30 [Information] EmployeeController --> GetEmployeeDetailsById--> Method Start
2020-06-08 14:10:13.351 +05:30 [Information] DelegateRequest(EmployeeRequest) --> Start with Web.API.Core.RequestResponse.Request.EmployeeRequest
2020-06-08 14:10:13.355 +05:30 [Information] DelegateRequest(EmployeeRequest)--> SelectById
2020-06-08 14:10:13.396 +05:30 [Information] DelegateRequest(EmployeeRequest) --> End with Web.API.Core.RequestResponse.Response.EmployeeResponse
2020-06-08 14:10:13.398 +05:30 [Information] EmployeeController --> GetEmployeeDetailsById--> Method End
2020-06-08 14:10:13.573 +05:30 [Error] Connection id ""0HM0BFH64HPIJ"", Request id ""0HM0BFH64HPIJ:00000004"": An unhandled exception was thrown by the application.
System.NotImplementedException: The method or operation is not implemented.
   at Web.API.Infrastructure.Repository.GenericRepository`1.Dispose() in F:\MVC\CleanArchitectureAPI\CleanArchitectureAPI\Web.API.Infrastructure\Repository\GenericRepository.cs:line 43
   at Autofac.Core.Disposer.Dispose(Boolean disposing) in C:\projects\autofac\src\Autofac\Core\Disposer.cs:line 55
   at Autofac.Util.Disposable.Dispose() in C:\projects\autofac\src\Autofac\Util\Disposable.cs:line 51
   at Autofac.Core.Lifetime.LifetimeScope.Dispose(Boolean disposing) in C:\projects\autofac\src\Autofac\Core\Lifetime\LifetimeScope.cs:line 360
   at Autofac.Util.Disposable.Dispose() in C:\projects\autofac\src\Autofac\Util\Disposable.cs:line 51
   at Microsoft.AspNetCore.Hosting.Internal.RequestServicesFeature.Dispose()
   at Microsoft.AspNetCore.Http.HttpResponse.<>c.<.cctor>b__30_1(Object disposable)
   at Microsoft.AspNetCore.Server.Kestrel.Core.Internal.Http.HttpProtocol.FireOnCompletedAwaited(Stack`1 onCompleted)
2020-06-08 14:10:14.111 +05:30 [Information] EmployeeController --> GetEmployeeDetailsById--> Method Start
2020-06-08 14:10:14.118 +05:30 [Information] DelegateRequest(EmployeeRequest) --> Start with Web.API.Core.RequestResponse.Request.EmployeeRequest
2020-06-08 14:10:14.125 +05:30 [Information] DelegateRequest(EmployeeRequest)--> SelectById
2020-06-08 14:10:14.139 +05:30 [Information] DelegateRequest(EmployeeRequest) --> End with Web.API.Core.RequestResponse.Response.EmployeeResponse
2020-06-08 14:10:14.159 +05:30 [Information] EmployeeController --> GetEmployeeDetailsById--> Method End
2020-06-08 14:10:14.224 +05:30 [Error] Connection id ""0HM0BFH64HPIJ"", Request id ""0HM0BFH64HPIJ:00000005"": An unhandled exception was thrown by the application.
System.NotImplementedException: The method or operation is not implemented.
   at Web.API.Infrastructure.Repository.GenericRepository`1.Dispose() in F:\MVC\CleanArchitectureAPI\CleanArchitectureAPI\Web.API.Infrastructure\Repository\GenericRepository.cs:line 43
   at Autofac.Core.Disposer.Dispose(Boolean disposing) in C:\projects\autofac\src\Autofac\Core\Disposer.cs:line 55
   at Autofac.Util.Disposable.Dispose() in C:\projects\autofac\src\Autofac\Util\Disposable.cs:line 51
   at Autofac.Core.Lifetime.LifetimeScope.Dispose(Boolean disposing) in C:\projects\autofac\src\Autofac\Core\Lifetime\LifetimeScope.cs:line 360
   at Autofac.Util.Disposable.Dispose() in C:\projects\autofac\src\Autofac\Util\Disposable.cs:line 51
   at Microsoft.AspNetCore.Hosting.Internal.RequestServicesFeature.Dispose()
   at Microsoft.AspNetCore.Http.HttpResponse.<>c.<.cctor>b__30_1(Object disposable)
   at Microsoft.AspNetCore.Server.Kestrel.Core.Internal.Http.HttpProtocol.FireOnCompletedAwaited(Stack`1 onCompleted)
2020-06-08 14:10:16.153 +05:30 [Information] EmployeeController --> GetEmployeeDetailsById--> Method Start
2020-06-08 14:10:16.158 +05:30 [Information] DelegateRequest(EmployeeRequest) --> Start with Web.API.Core.RequestResponse.Request.EmployeeRequest
2020-06-08 14:10:16.163 +05:30 [Information] DelegateRequest(EmployeeRequest)--> SelectById
2020-06-08 14:10:16.174 +05:30 [Information] DelegateRequest(EmployeeRequest) --> End with Web.API.Core.RequestResponse.Response.EmployeeResponse
2020-06-08 14:10:16.178 +05:30 [Information] EmployeeController --> GetEmployeeDetailsById--> Method End
2020-06-08 14:10:16.231 +05:30 [Error] Connection id ""0HM0BFH64HPIJ"", Request id ""0HM0BFH64HPIJ:00000006"": An unhandled exception was thrown by the application.
System.NotImplementedException: The method or operation is not implemented.
   at Web.API.Infrastructure.Repository.GenericRepository`1.Dispose() in F:\MVC\CleanArchitectureAPI\CleanArchitectureAPI\Web.API.Infrastructure\Repository\GenericRepository.cs:line 43
   at Autofac.Core.Disposer.Dispose(Boolean disposing) in C:\projects\autofac\src\Autofac\Core\Disposer.cs:line 55
   at Autofac.Util.Disposable.Dispose() in C:\projects\autofac\src\Autofac\Util\Disposable.cs:line 51
   at Autofac.Core.Lifetime.LifetimeScope.Dispose(Boolean disposing) in C:\projects\autofac\src\Autofac\Core\Lifetime\LifetimeScope.cs:line 360
   at Autofac.Util.Disposable.Dispose() in C:\projects\autofac\src\Autofac\Util\Disposable.cs:line 51
   at Microsoft.AspNetCore.Hosting.Internal.RequestServicesFeature.Dispose()
   at Microsoft.AspNetCore.Http.HttpResponse.<>c.<.cctor>b__30_1(Object disposable)
   at Microsoft.AspNetCore.Server.Kestrel.Core.Internal.Http.HttpProtocol.FireOnCompletedAwaited(Stack`1 onCompleted)
2020-06-08 14:10:22.135 +05:30 [Information] EmployeeController --> GetEmployeeDetailsById--> Method Start
2020-06-08 14:10:22.138 +05:30 [Information] DelegateRequest(EmployeeRequest) --> Start with Web.API.Core.RequestResponse.Request.EmployeeRequest
2020-06-08 14:10:22.142 +05:30 [Information] DelegateRequest(EmployeeRequest)--> SelectById
2020-06-08 14:10:22.156 +05:30 [Information] DelegateRequest(EmployeeRequest) --> End with Web.API.Core.RequestResponse.Response.EmployeeResponse
2020-06-08 14:10:22.161 +05:30 [Information] EmployeeController --> GetEmployeeDetailsById--> Method End
2020-06-08 14:10:22.239 +05:30 [Error] Connection id ""0HM0BFH64HPIJ"", Request id ""0HM0BFH64HPIJ:00000007"": An unhandled exception was thrown by the application.
System.NotImplementedException: The method or operation is not implemented.
   at Web.API.Infrastructure.Repository.GenericRepository`1.Dispose() in F:\MVC\CleanArchitectureAPI\CleanArchitectureAPI\Web.API.Infrastructure\Repository\GenericRepository.cs:line 43
   at Autofac.Core.Disposer.Dispose(Boolean disposing) in C:\projects\autofac\src\Autofac\Core\Disposer.cs:line 55
   at Autofac.Util.Disposable.Dispose() in C:\projects\autofac\src\Autofac\Util\Disposable.cs:line 51
   at Autofac.Core.Lifetime.LifetimeScope.Dispose(Boolean disposing) in C:\projects\autofac\src\Autofac\Core\Lifetime\LifetimeScope.cs:line 360
   at Autofac.Util.Disposable.Dispose() in C:\projects\autofac\src\Autofac\Util\Disposable.cs:line 51
   at Microsoft.AspNetCore.Hosting.Internal.RequestServicesFeature.Dispose()
   at Microsoft.AspNetCore.Http.HttpResponse.<>c.<.cctor>b__30_1(Object disposable)
   at Microsoft.AspNetCore.Server.Kestrel.Core.Internal.Http.HttpProtocol.FireOnCompletedAwaited(Stack`1 onCompleted)
2020-06-08 14:11:18.721 +05:30 [Information] EmployeeController --> GetEmployeeDetailsById--> Method Start
2020-06-08 14:11:18.725 +05:30 [Information] DelegateRequest(EmployeeRequest) --> Start with Web.API.Core.RequestResponse.Request.EmployeeRequest
2020-06-08 14:11:18.731 +05:30 [Information] DelegateRequest(EmployeeRequest)--> SelectById
2020-06-08 14:11:18.748 +05:30 [Information] DelegateRequest(EmployeeRequest) --> End with Web.API.Core.RequestResponse.Response.EmployeeResponse
2020-06-08 14:11:18.755 +05:30 [Information] EmployeeController --> GetEmployeeDetailsById--> Method End
2020-06-08 14:11:18.824 +05:30 [Error] Connection id ""0HM0BFH64HPIJ"", Request id ""0HM0BFH64HPIJ:00000008"": An unhandled exception was thrown by the application.
System.NotImplementedException: The method or operation is not implemented.
   at Web.API.Infrastructure.Repository.GenericRepository`1.Dispose() in F:\MVC\CleanArchitectureAPI\CleanArchitectureAPI\Web.API.Infrastructure\Repository\GenericRepository.cs:line 43
   at Autofac.Core.Disposer.Dispose(Boolean disposing) in C:\projects\autofac\src\Autofac\Core\Disposer.cs:line 55
   at Autofac.Util.Disposable.Dispose() in C:\projects\autofac\src\Autofac\Util\Disposable.cs:line 51
   at Autofac.Core.Lifetime.LifetimeScope.Dispose(Boolean disposing) in C:\projects\autofac\src\Autofac\Core\Lifetime\LifetimeScope.cs:line 360
   at Autofac.Util.Disposable.Dispose() in C:\projects\autofac\src\Autofac\Util\Disposable.cs:line 51
   at Microsoft.AspNetCore.Hosting.Internal.RequestServicesFeature.Dispose()
   at Microsoft.AspNetCore.Http.HttpResponse.<>c.<.cctor>b__30_1(Object disposable)
   at Microsoft.AspNetCore.Server.Kestrel.Core.Internal.Http.HttpProtocol.FireOnCompletedAwaited(Stack`1 onCompleted)
2020-06-08 14:11:20.062 +05:30 [Information] EmployeeController --> GetEmployeeDetailsById--> Method Start
2020-06-08 14:11:20.069 +05:30 [Information] DelegateRequest(EmployeeRequest) --> Start with Web.API.Core.RequestResponse.Request.EmployeeRequest
2020-06-08 14:11:20.076 +05:30 [Information] DelegateRequest(EmployeeRequest)--> SelectById
2020-06-08 14:11:20.093 +05:30 [Information] DelegateRequest(EmployeeRequest) --> End with Web.API.Core.RequestResponse.Response.EmployeeResponse
2020-06-08 14:11:20.098 +05:30 [Information] EmployeeController --> GetEmployeeDetailsById--> Method End
2020-06-08 14:11:20.188 +05:30 [Error] Connection id ""0HM0BFH64HPIJ"", Request id ""0HM0BFH64HPIJ:00000009"": An unhandled exception was thrown by the application.
System.NotImplementedException: The method or operation is not implemented.
   at Web.API.Infrastructure.Repository.GenericRepository`1.Dispose() in F:\MVC\CleanArchitectureAPI\CleanArchitectureAPI\Web.API.Infrastructure\Repository\GenericRepository.cs:line 43
   at Autofac.Core.Disposer.Dispose(Boolean disposing) in C:\projects\autofac\src\Autofac\Core\Disposer.cs:line 55
   at Autofac.Util.Disposable.Dispose() in C:\projects\autofac\src\Autofac\Util\Disposable.cs:line 51
   at Autofac.Core.Lifetime.LifetimeScope.Dispose(Boolean disposing) in C:\projects\autofac\src\Autofac\Core\Lifetime\LifetimeScope.cs:line 360
   at Autofac.Util.Disposable.Dispose() in C:\projects\autofac\src\Autofac\Util\Disposable.cs:line 51
   at Microsoft.AspNetCore.Hosting.Internal.RequestServicesFeature.Dispose()
   at Microsoft.AspNetCore.Http.HttpResponse.<>c.<.cctor>b__30_1(Object disposable)
   at Microsoft.AspNetCore.Server.Kestrel.Core.Internal.Http.HttpProtocol.FireOnCompletedAwaited(Stack`1 onCompleted)
